[09:17:39] [main/INFO] [GradleStart]: userProperties: {}
[09:17:39] [main/INFO] [GradleStart]: accessToken: FML
[09:17:39] [main/INFO] [GradleStart]: version: 1.6
[09:17:39] [main/INFO] [GradleStart]: Extra: [--tweakClass, cpw.mods.fml.common.launcher.FMLTweaker]
[09:17:39] [main/INFO] [GradleStart]: Setting up virtual assets in: /Users/iMac6/.gradle/caches/minecraft/assets/virtual/legacy
[09:17:40] [main/INFO] [GradleStart]: Running with arguments: [--userProperties, {}, --accessToken, {REDACTED}, --assetIndex, legacy, --assetsDir, /Users/iMac6/.gradle/caches/minecraft/assets/virtual/legacy, --version, 1.6, --tweakClass, cpw.mods.fml.common.launcher.FMLTweaker, --tweakClass, cpw.mods.fml.common.launcher.FMLTweaker, --tweakClass, net.minecraftforge.gradle.tweakers.CoremodTweaker]
[09:17:40] [main/INFO] [LaunchWrapper]: Loading tweak class name cpw.mods.fml.common.launcher.FMLTweaker
[09:17:40] [main/INFO] [LaunchWrapper]: Using primary tweak class name cpw.mods.fml.common.launcher.FMLTweaker
[09:17:40] [main/WARN] [LaunchWrapper]: Tweak class name cpw.mods.fml.common.launcher.FMLTweaker has already been visited -- skipping
[09:17:40] [main/INFO] [LaunchWrapper]: Loading tweak class name net.minecraftforge.gradle.tweakers.CoremodTweaker
[09:17:40] [main/INFO] [LaunchWrapper]: Calling tweak class cpw.mods.fml.common.launcher.FMLTweaker
[09:19:35] [main/INFO] [GradleStart]: userProperties: {}
[09:19:35] [main/INFO] [GradleStart]: accessToken: FML
[09:19:35] [main/INFO] [GradleStart]: version: 1.6
[09:19:35] [main/INFO] [GradleStart]: Extra: [--tweakClass, cpw.mods.fml.common.launcher.FMLTweaker]
[09:19:35] [main/INFO] [GradleStart]: Setting up virtual assets in: /Users/iMac6/.gradle/caches/minecraft/assets/virtual/legacy
[09:19:36] [main/INFO] [GradleStart]: Running with arguments: [--userProperties, {}, --accessToken, {REDACTED}, --assetIndex, legacy, --assetsDir, /Users/iMac6/.gradle/caches/minecraft/assets/virtual/legacy, --version, 1.6, --tweakClass, cpw.mods.fml.common.launcher.FMLTweaker, --tweakClass, cpw.mods.fml.common.launcher.FMLTweaker, --tweakClass, net.minecraftforge.gradle.tweakers.CoremodTweaker]
[09:19:36] [main/INFO] [LaunchWrapper]: Loading tweak class name cpw.mods.fml.common.launcher.FMLTweaker
[09:19:36] [main/INFO] [LaunchWrapper]: Using primary tweak class name cpw.mods.fml.common.launcher.FMLTweaker
[09:19:36] [main/WARN] [LaunchWrapper]: Tweak class name cpw.mods.fml.common.launcher.FMLTweaker has already been visited -- skipping
[09:19:36] [main/INFO] [LaunchWrapper]: Loading tweak class name net.minecraftforge.gradle.tweakers.CoremodTweaker
[09:19:36] [main/INFO] [LaunchWrapper]: Calling tweak class cpw.mods.fml.common.launcher.FMLTweaker
[09:50:57] [main/INFO] [GradleStart]: userProperties: {}
[09:50:57] [main/INFO] [GradleStart]: accessToken: FML
[09:50:57] [main/INFO] [GradleStart]: version: 1.6
[09:50:57] [main/INFO] [GradleStart]: Extra: [--tweakClass, cpw.mods.fml.common.launcher.FMLTweaker]
[09:50:57] [main/INFO] [GradleStart]: Setting up virtual assets in: /Users/iMac6/.gradle/caches/minecraft/assets/virtual/legacy
[09:50:58] [main/INFO] [GradleStart]: Running with arguments: [--userProperties, {}, --accessToken, {REDACTED}, --assetIndex, legacy, --assetsDir, /Users/iMac6/.gradle/caches/minecraft/assets/virtual/legacy, --version, 1.6, --tweakClass, cpw.mods.fml.common.launcher.FMLTweaker, --tweakClass, cpw.mods.fml.common.launcher.FMLTweaker, --tweakClass, net.minecraftforge.gradle.tweakers.CoremodTweaker]
[09:50:58] [main/INFO] [LaunchWrapper]: Loading tweak class name cpw.mods.fml.common.launcher.FMLTweaker
[09:50:58] [main/INFO] [LaunchWrapper]: Using primary tweak class name cpw.mods.fml.common.launcher.FMLTweaker
[09:50:58] [main/WARN] [LaunchWrapper]: Tweak class name cpw.mods.fml.common.launcher.FMLTweaker has already been visited -- skipping
[09:50:58] [main/INFO] [LaunchWrapper]: Loading tweak class name net.minecraftforge.gradle.tweakers.CoremodTweaker
[09:50:58] [main/INFO] [LaunchWrapper]: Calling tweak class cpw.mods.fml.common.launcher.FMLTweaker
[10:29:38] [main/INFO] [GradleStart]: userProperties: {}
[10:29:38] [main/INFO] [GradleStart]: accessToken: FML
[10:29:38] [main/INFO] [GradleStart]: version: 1.6
[10:29:38] [main/INFO] [GradleStart]: Extra: [--tweakClass, cpw.mods.fml.common.launcher.FMLTweaker]
[10:29:38] [main/INFO] [GradleStart]: Setting up virtual assets in: /Users/iMac6/.gradle/caches/minecraft/assets/virtual/legacy
[10:29:39] [main/INFO] [GradleStart]: Running with arguments: [--userProperties, {}, --accessToken, {REDACTED}, --assetIndex, legacy, --assetsDir, /Users/iMac6/.gradle/caches/minecraft/assets/virtual/legacy, --version, 1.6, --tweakClass, cpw.mods.fml.common.launcher.FMLTweaker, --tweakClass, cpw.mods.fml.common.launcher.FMLTweaker, --tweakClass, net.minecraftforge.gradle.tweakers.CoremodTweaker]
[10:29:39] [main/INFO] [LaunchWrapper]: Loading tweak class name cpw.mods.fml.common.launcher.FMLTweaker
[10:29:39] [main/INFO] [LaunchWrapper]: Using primary tweak class name cpw.mods.fml.common.launcher.FMLTweaker
[10:29:39] [main/WARN] [LaunchWrapper]: Tweak class name cpw.mods.fml.common.launcher.FMLTweaker has already been visited -- skipping
[10:29:39] [main/INFO] [LaunchWrapper]: Loading tweak class name net.minecraftforge.gradle.tweakers.CoremodTweaker
[10:29:39] [main/INFO] [LaunchWrapper]: Calling tweak class cpw.mods.fml.common.launcher.FMLTweaker
[10:31:01] [main/INFO] [GradleStart]: userProperties: {}
[10:31:01] [main/INFO] [GradleStart]: accessToken: FML
[10:31:01] [main/INFO] [GradleStart]: version: 1.6
[10:31:01] [main/INFO] [GradleStart]: Extra: [--tweakClass, cpw.mods.fml.common.launcher.FMLTweaker]
[10:31:01] [main/INFO] [GradleStart]: Setting up virtual assets in: /Users/iMac6/.gradle/caches/minecraft/assets/virtual/legacy
[10:31:03] [main/INFO] [GradleStart]: Running with arguments: [--userProperties, {}, --accessToken, {REDACTED}, --assetIndex, legacy, --assetsDir, /Users/iMac6/.gradle/caches/minecraft/assets/virtual/legacy, --version, 1.6, --tweakClass, cpw.mods.fml.common.launcher.FMLTweaker, --tweakClass, cpw.mods.fml.common.launcher.FMLTweaker, --tweakClass, net.minecraftforge.gradle.tweakers.CoremodTweaker]
[10:31:03] [main/INFO] [LaunchWrapper]: Loading tweak class name cpw.mods.fml.common.launcher.FMLTweaker
[10:31:03] [main/INFO] [LaunchWrapper]: Using primary tweak class name cpw.mods.fml.common.launcher.FMLTweaker
[10:31:03] [main/WARN] [LaunchWrapper]: Tweak class name cpw.mods.fml.common.launcher.FMLTweaker has already been visited -- skipping
[10:31:03] [main/INFO] [LaunchWrapper]: Loading tweak class name net.minecraftforge.gradle.tweakers.CoremodTweaker
[10:31:03] [main/INFO] [LaunchWrapper]: Calling tweak class cpw.mods.fml.common.launcher.FMLTweaker
[10:31:30] [main/INFO] [GradleStart]: userProperties: {}
[10:31:30] [main/INFO] [GradleStart]: accessToken: FML
[10:31:30] [main/INFO] [GradleStart]: version: 1.6
[10:31:30] [main/INFO] [GradleStart]: Extra: [--tweakClass, cpw.mods.fml.common.launcher.FMLTweaker]
[10:31:30] [main/INFO] [GradleStart]: Setting up virtual assets in: /Users/iMac6/.gradle/caches/minecraft/assets/virtual/legacy
[10:31:31] [main/INFO] [GradleStart]: Running with arguments: [--userProperties, {}, --accessToken, {REDACTED}, --assetIndex, legacy, --assetsDir, /Users/iMac6/.gradle/caches/minecraft/assets/virtual/legacy, --version, 1.6, --tweakClass, cpw.mods.fml.common.launcher.FMLTweaker, --tweakClass, cpw.mods.fml.common.launcher.FMLTweaker, --tweakClass, net.minecraftforge.gradle.tweakers.CoremodTweaker]
[10:31:31] [main/INFO] [LaunchWrapper]: Loading tweak class name cpw.mods.fml.common.launcher.FMLTweaker
[10:31:31] [main/INFO] [LaunchWrapper]: Using primary tweak class name cpw.mods.fml.common.launcher.FMLTweaker
[10:31:31] [main/WARN] [LaunchWrapper]: Tweak class name cpw.mods.fml.common.launcher.FMLTweaker has already been visited -- skipping
[10:31:31] [main/INFO] [LaunchWrapper]: Loading tweak class name net.minecraftforge.gradle.tweakers.CoremodTweaker
[10:31:31] [main/INFO] [LaunchWrapper]: Calling tweak class cpw.mods.fml.common.launcher.FMLTweaker
[09:24:56] [main/INFO] [GradleStart]: userProperties: {}
[09:24:56] [main/INFO] [GradleStart]: accessToken: FML
[09:24:56] [main/INFO] [GradleStart]: version: 1.6
[09:24:56] [main/INFO] [GradleStart]: Extra: [--tweakClass, cpw.mods.fml.common.launcher.FMLTweaker]
[09:24:56] [main/INFO] [GradleStart]: Setting up virtual assets in: /Users/iMac6/.gradle/caches/minecraft/assets/virtual/legacy
[09:24:58] [main/INFO] [GradleStart]: Running with arguments: [--userProperties, {}, --accessToken, {REDACTED}, --assetIndex, legacy, --assetsDir, /Users/iMac6/.gradle/caches/minecraft/assets/virtual/legacy, --version, 1.6, --tweakClass, cpw.mods.fml.common.launcher.FMLTweaker, --tweakClass, cpw.mods.fml.common.launcher.FMLTweaker, --tweakClass, net.minecraftforge.gradle.tweakers.CoremodTweaker]
[09:24:59] [main/INFO] [LaunchWrapper]: Loading tweak class name cpw.mods.fml.common.launcher.FMLTweaker
[09:24:59] [main/INFO] [LaunchWrapper]: Using primary tweak class name cpw.mods.fml.common.launcher.FMLTweaker
[09:24:59] [main/WARN] [LaunchWrapper]: Tweak class name cpw.mods.fml.common.launcher.FMLTweaker has already been visited -- skipping
[09:24:59] [main/INFO] [LaunchWrapper]: Loading tweak class name net.minecraftforge.gradle.tweakers.CoremodTweaker
[09:24:59] [main/INFO] [LaunchWrapper]: Calling tweak class cpw.mods.fml.common.launcher.FMLTweaker
[10:09:50] [main/INFO] [GradleStart]: userProperties: {}
[10:09:50] [main/INFO] [GradleStart]: accessToken: FML
[10:09:50] [main/INFO] [GradleStart]: version: 1.6
[10:09:50] [main/INFO] [GradleStart]: Extra: [--tweakClass, cpw.mods.fml.common.launcher.FMLTweaker]
[10:09:50] [main/INFO] [GradleStart]: Setting up virtual assets in: /Users/iMac6/.gradle/caches/minecraft/assets/virtual/legacy
[10:09:51] [main/INFO] [GradleStart]: Running with arguments: [--userProperties, {}, --accessToken, {REDACTED}, --assetIndex, legacy, --assetsDir, /Users/iMac6/.gradle/caches/minecraft/assets/virtual/legacy, --version, 1.6, --tweakClass, cpw.mods.fml.common.launcher.FMLTweaker, --tweakClass, cpw.mods.fml.common.launcher.FMLTweaker, --tweakClass, net.minecraftforge.gradle.tweakers.CoremodTweaker]
[10:09:51] [main/INFO] [LaunchWrapper]: Loading tweak class name cpw.mods.fml.common.launcher.FMLTweaker
[10:09:51] [main/INFO] [LaunchWrapper]: Using primary tweak class name cpw.mods.fml.common.launcher.FMLTweaker
[10:09:51] [main/WARN] [LaunchWrapper]: Tweak class name cpw.mods.fml.common.launcher.FMLTweaker has already been visited -- skipping
[10:09:51] [main/INFO] [LaunchWrapper]: Loading tweak class name net.minecraftforge.gradle.tweakers.CoremodTweaker
[10:09:51] [main/INFO] [LaunchWrapper]: Calling tweak class cpw.mods.fml.common.launcher.FMLTweaker
[10:17:45] [main/INFO] [GradleStart]: userProperties: {}
[10:17:45] [main/INFO] [GradleStart]: accessToken: FML
[10:17:45] [main/INFO] [GradleStart]: version: 1.6
[10:17:45] [main/INFO] [GradleStart]: Extra: [--tweakClass, cpw.mods.fml.common.launcher.FMLTweaker]
[10:17:45] [main/INFO] [GradleStart]: Setting up virtual assets in: /Users/iMac6/.gradle/caches/minecraft/assets/virtual/legacy
[10:17:46] [main/INFO] [GradleStart]: Running with arguments: [--userProperties, {}, --accessToken, {REDACTED}, --assetIndex, legacy, --assetsDir, /Users/iMac6/.gradle/caches/minecraft/assets/virtual/legacy, --version, 1.6, --tweakClass, cpw.mods.fml.common.launcher.FMLTweaker, --tweakClass, cpw.mods.fml.common.launcher.FMLTweaker, --tweakClass, net.minecraftforge.gradle.tweakers.CoremodTweaker]
[10:17:46] [main/INFO] [LaunchWrapper]: Loading tweak class name cpw.mods.fml.common.launcher.FMLTweaker
[10:17:46] [main/INFO] [LaunchWrapper]: Using primary tweak class name cpw.mods.fml.common.launcher.FMLTweaker
[10:17:46] [main/WARN] [LaunchWrapper]: Tweak class name cpw.mods.fml.common.launcher.FMLTweaker has already been visited -- skipping
[10:17:46] [main/INFO] [LaunchWrapper]: Loading tweak class name net.minecraftforge.gradle.tweakers.CoremodTweaker
[10:17:46] [main/INFO] [LaunchWrapper]: Calling tweak class cpw.mods.fml.common.launcher.FMLTweaker
[10:32:10] [main/INFO] [GradleStart]: userProperties: {}
[10:32:10] [main/INFO] [GradleStart]: accessToken: FML
[10:32:10] [main/INFO] [GradleStart]: version: 1.6
[10:32:10] [main/INFO] [GradleStart]: Extra: [--tweakClass, cpw.mods.fml.common.launcher.FMLTweaker]
[10:32:10] [main/INFO] [GradleStart]: Setting up virtual assets in: /Users/iMac6/.gradle/caches/minecraft/assets/virtual/legacy
[10:32:11] [main/INFO] [GradleStart]: Running with arguments: [--userProperties, {}, --accessToken, {REDACTED}, --assetIndex, legacy, --assetsDir, /Users/iMac6/.gradle/caches/minecraft/assets/virtual/legacy, --version, 1.6, --tweakClass, cpw.mods.fml.common.launcher.FMLTweaker, --tweakClass, cpw.mods.fml.common.launcher.FMLTweaker, --tweakClass, net.minecraftforge.gradle.tweakers.CoremodTweaker]
[10:32:11] [main/INFO] [LaunchWrapper]: Loading tweak class name cpw.mods.fml.common.launcher.FMLTweaker
[10:32:11] [main/INFO] [LaunchWrapper]: Using primary tweak class name cpw.mods.fml.common.launcher.FMLTweaker
[10:32:11] [main/WARN] [LaunchWrapper]: Tweak class name cpw.mods.fml.common.launcher.FMLTweaker has already been visited -- skipping
[10:32:11] [main/INFO] [LaunchWrapper]: Loading tweak class name net.minecraftforge.gradle.tweakers.CoremodTweaker
[10:32:11] [main/INFO] [LaunchWrapper]: Calling tweak class cpw.mods.fml.common.launcher.FMLTweaker
[09:09:45] [main/INFO] [GradleStart]: userProperties: {}
[09:09:45] [main/INFO] [GradleStart]: accessToken: FML
[09:09:45] [main/INFO] [GradleStart]: version: 1.6
[09:09:45] [main/INFO] [GradleStart]: Extra: [--tweakClass, cpw.mods.fml.common.launcher.FMLTweaker]
[09:09:45] [main/INFO] [GradleStart]: Setting up virtual assets in: /Users/iMac6/.gradle/caches/minecraft/assets/virtual/legacy
[09:09:50] [main/INFO] [GradleStart]: Running with arguments: [--userProperties, {}, --accessToken, {REDACTED}, --assetIndex, legacy, --assetsDir, /Users/iMac6/.gradle/caches/minecraft/assets/virtual/legacy, --version, 1.6, --tweakClass, cpw.mods.fml.common.launcher.FMLTweaker, --tweakClass, cpw.mods.fml.common.launcher.FMLTweaker, --tweakClass, net.minecraftforge.gradle.tweakers.CoremodTweaker]
[09:09:50] [main/INFO] [LaunchWrapper]: Loading tweak class name cpw.mods.fml.common.launcher.FMLTweaker
[09:09:50] [main/INFO] [LaunchWrapper]: Using primary tweak class name cpw.mods.fml.common.launcher.FMLTweaker
[09:09:50] [main/WARN] [LaunchWrapper]: Tweak class name cpw.mods.fml.common.launcher.FMLTweaker has already been visited -- skipping
[09:09:50] [main/INFO] [LaunchWrapper]: Loading tweak class name net.minecraftforge.gradle.tweakers.CoremodTweaker
[09:09:50] [main/INFO] [LaunchWrapper]: Calling tweak class cpw.mods.fml.common.launcher.FMLTweaker
[09:13:13] [main/INFO] [GradleStart]: userProperties: {}
[09:13:13] [main/INFO] [GradleStart]: accessToken: FML
[09:13:13] [main/INFO] [GradleStart]: version: 1.6
[09:13:13] [main/INFO] [GradleStart]: Extra: [--tweakClass, cpw.mods.fml.common.launcher.FMLTweaker]
[09:13:13] [main/INFO] [GradleStart]: Setting up virtual assets in: /Users/iMac6/.gradle/caches/minecraft/assets/virtual/legacy
[09:13:14] [main/INFO] [GradleStart]: Running with arguments: [--userProperties, {}, --accessToken, {REDACTED}, --assetIndex, legacy, --assetsDir, /Users/iMac6/.gradle/caches/minecraft/assets/virtual/legacy, --version, 1.6, --tweakClass, cpw.mods.fml.common.launcher.FMLTweaker, --tweakClass, cpw.mods.fml.common.launcher.FMLTweaker, --tweakClass, net.minecraftforge.gradle.tweakers.CoremodTweaker]
[09:13:14] [main/INFO] [LaunchWrapper]: Loading tweak class name cpw.mods.fml.common.launcher.FMLTweaker
[09:13:14] [main/INFO] [LaunchWrapper]: Using primary tweak class name cpw.mods.fml.common.launcher.FMLTweaker
[09:13:14] [main/WARN] [LaunchWrapper]: Tweak class name cpw.mods.fml.common.launcher.FMLTweaker has already been visited -- skipping
[09:13:14] [main/INFO] [LaunchWrapper]: Loading tweak class name net.minecraftforge.gradle.tweakers.CoremodTweaker
[09:13:14] [main/INFO] [LaunchWrapper]: Calling tweak class cpw.mods.fml.common.launcher.FMLTweaker
[09:14:40] [main/INFO] [GradleStart]: userProperties: {}
[09:14:40] [main/INFO] [GradleStart]: accessToken: FML
[09:14:40] [main/INFO] [GradleStart]: version: 1.6
[09:14:40] [main/INFO] [GradleStart]: Extra: [--tweakClass, cpw.mods.fml.common.launcher.FMLTweaker]
[09:14:40] [main/INFO] [GradleStart]: Setting up virtual assets in: /Users/iMac6/.gradle/caches/minecraft/assets/virtual/legacy
[09:14:41] [main/INFO] [GradleStart]: Running with arguments: [--userProperties, {}, --accessToken, {REDACTED}, --assetIndex, legacy, --assetsDir, /Users/iMac6/.gradle/caches/minecraft/assets/virtual/legacy, --version, 1.6, --tweakClass, cpw.mods.fml.common.launcher.FMLTweaker, --tweakClass, cpw.mods.fml.common.launcher.FMLTweaker, --tweakClass, net.minecraftforge.gradle.tweakers.CoremodTweaker]
[09:14:41] [main/INFO] [LaunchWrapper]: Loading tweak class name cpw.mods.fml.common.launcher.FMLTweaker
[09:14:41] [main/INFO] [LaunchWrapper]: Using primary tweak class name cpw.mods.fml.common.launcher.FMLTweaker
[09:14:41] [main/WARN] [LaunchWrapper]: Tweak class name cpw.mods.fml.common.launcher.FMLTweaker has already been visited -- skipping
[09:14:41] [main/INFO] [LaunchWrapper]: Loading tweak class name net.minecraftforge.gradle.tweakers.CoremodTweaker
[09:14:41] [main/INFO] [LaunchWrapper]: Calling tweak class cpw.mods.fml.common.launcher.FMLTweaker
[09:40:41] [main/INFO] [GradleStart]: userProperties: {}
[09:40:41] [main/INFO] [GradleStart]: accessToken: FML
[09:40:41] [main/INFO] [GradleStart]: version: 1.6
[09:40:41] [main/INFO] [GradleStart]: Extra: [--tweakClass, cpw.mods.fml.common.launcher.FMLTweaker]
[09:40:41] [main/INFO] [GradleStart]: Setting up virtual assets in: /Users/iMac6/.gradle/caches/minecraft/assets/virtual/legacy
[09:40:42] [main/INFO] [GradleStart]: Running with arguments: [--userProperties, {}, --accessToken, {REDACTED}, --assetIndex, legacy, --assetsDir, /Users/iMac6/.gradle/caches/minecraft/assets/virtual/legacy, --version, 1.6, --tweakClass, cpw.mods.fml.common.launcher.FMLTweaker, --tweakClass, cpw.mods.fml.common.launcher.FMLTweaker, --tweakClass, net.minecraftforge.gradle.tweakers.CoremodTweaker]
[09:40:42] [main/INFO] [LaunchWrapper]: Loading tweak class name cpw.mods.fml.common.launcher.FMLTweaker
[09:40:42] [main/INFO] [LaunchWrapper]: Using primary tweak class name cpw.mods.fml.common.launcher.FMLTweaker
[09:40:42] [main/WARN] [LaunchWrapper]: Tweak class name cpw.mods.fml.common.launcher.FMLTweaker has already been visited -- skipping
[09:40:42] [main/INFO] [LaunchWrapper]: Loading tweak class name net.minecraftforge.gradle.tweakers.CoremodTweaker
[09:40:42] [main/INFO] [LaunchWrapper]: Calling tweak class cpw.mods.fml.common.launcher.FMLTweaker
[09:52:25] [main/INFO] [GradleStart]: userProperties: {}
[09:52:25] [main/INFO] [GradleStart]: accessToken: FML
[09:52:25] [main/INFO] [GradleStart]: version: 1.6
[09:52:25] [main/INFO] [GradleStart]: Extra: [--tweakClass, cpw.mods.fml.common.launcher.FMLTweaker]
[09:52:25] [main/INFO] [GradleStart]: Setting up virtual assets in: /Users/iMac6/.gradle/caches/minecraft/assets/virtual/legacy
[09:52:26] [main/INFO] [GradleStart]: Running with arguments: [--userProperties, {}, --accessToken, {REDACTED}, --assetIndex, legacy, --assetsDir, /Users/iMac6/.gradle/caches/minecraft/assets/virtual/legacy, --version, 1.6, --tweakClass, cpw.mods.fml.common.launcher.FMLTweaker, --tweakClass, cpw.mods.fml.common.launcher.FMLTweaker, --tweakClass, net.minecraftforge.gradle.tweakers.CoremodTweaker]
[09:52:26] [main/INFO] [LaunchWrapper]: Loading tweak class name cpw.mods.fml.common.launcher.FMLTweaker
[09:52:26] [main/INFO] [LaunchWrapper]: Using primary tweak class name cpw.mods.fml.common.launcher.FMLTweaker
[09:52:26] [main/WARN] [LaunchWrapper]: Tweak class name cpw.mods.fml.common.launcher.FMLTweaker has already been visited -- skipping
[09:52:26] [main/INFO] [LaunchWrapper]: Loading tweak class name net.minecraftforge.gradle.tweakers.CoremodTweaker
[09:52:26] [main/INFO] [LaunchWrapper]: Calling tweak class cpw.mods.fml.common.launcher.FMLTweaker
[10:15:55] [main/INFO] [GradleStart]: userProperties: {}
[10:15:55] [main/INFO] [GradleStart]: accessToken: FML
[10:15:55] [main/INFO] [GradleStart]: version: 1.6
[10:15:55] [main/INFO] [GradleStart]: Extra: [--tweakClass, cpw.mods.fml.common.launcher.FMLTweaker]
[10:15:55] [main/INFO] [GradleStart]: Setting up virtual assets in: /Users/iMac6/.gradle/caches/minecraft/assets/virtual/legacy
[10:15:56] [main/INFO] [GradleStart]: Running with arguments: [--userProperties, {}, --accessToken, {REDACTED}, --assetIndex, legacy, --assetsDir, /Users/iMac6/.gradle/caches/minecraft/assets/virtual/legacy, --version, 1.6, --tweakClass, cpw.mods.fml.common.launcher.FMLTweaker, --tweakClass, cpw.mods.fml.common.launcher.FMLTweaker, --tweakClass, net.minecraftforge.gradle.tweakers.CoremodTweaker]
[10:15:56] [main/INFO] [LaunchWrapper]: Loading tweak class name cpw.mods.fml.common.launcher.FMLTweaker
[10:15:56] [main/INFO] [LaunchWrapper]: Using primary tweak class name cpw.mods.fml.common.launcher.FMLTweaker
[10:15:56] [main/WARN] [LaunchWrapper]: Tweak class name cpw.mods.fml.common.launcher.FMLTweaker has already been visited -- skipping
[10:15:56] [main/INFO] [LaunchWrapper]: Loading tweak class name net.minecraftforge.gradle.tweakers.CoremodTweaker
[10:15:56] [main/INFO] [LaunchWrapper]: Calling tweak class cpw.mods.fml.common.launcher.FMLTweaker
[10:18:21] [main/INFO] [GradleStart]: userProperties: {}
[10:18:21] [main/INFO] [GradleStart]: accessToken: FML
[10:18:21] [main/INFO] [GradleStart]: version: 1.6
[10:18:21] [main/INFO] [GradleStart]: Extra: [--tweakClass, cpw.mods.fml.common.launcher.FMLTweaker]
[10:18:21] [main/INFO] [GradleStart]: Setting up virtual assets in: /Users/iMac6/.gradle/caches/minecraft/assets/virtual/legacy
[10:18:22] [main/INFO] [GradleStart]: Running with arguments: [--userProperties, {}, --accessToken, {REDACTED}, --assetIndex, legacy, --assetsDir, /Users/iMac6/.gradle/caches/minecraft/assets/virtual/legacy, --version, 1.6, --tweakClass, cpw.mods.fml.common.launcher.FMLTweaker, --tweakClass, cpw.mods.fml.common.launcher.FMLTweaker, --tweakClass, net.minecraftforge.gradle.tweakers.CoremodTweaker]
[10:18:22] [main/INFO] [LaunchWrapper]: Loading tweak class name cpw.mods.fml.common.launcher.FMLTweaker
[10:18:22] [main/INFO] [LaunchWrapper]: Using primary tweak class name cpw.mods.fml.common.launcher.FMLTweaker
[10:18:22] [main/WARN] [LaunchWrapper]: Tweak class name cpw.mods.fml.common.launcher.FMLTweaker has already been visited -- skipping
[10:18:22] [main/INFO] [LaunchWrapper]: Loading tweak class name net.minecraftforge.gradle.tweakers.CoremodTweaker
[10:18:22] [main/INFO] [LaunchWrapper]: Calling tweak class cpw.mods.fml.common.launcher.FMLTweaker
[10:21:03] [main/INFO] [GradleStart]: userProperties: {}
[10:21:03] [main/INFO] [GradleStart]: accessToken: FML
[10:21:03] [main/INFO] [GradleStart]: version: 1.6
[10:21:03] [main/INFO] [GradleStart]: Extra: [--tweakClass, cpw.mods.fml.common.launcher.FMLTweaker]
[10:21:03] [main/INFO] [GradleStart]: Setting up virtual assets in: /Users/iMac6/.gradle/caches/minecraft/assets/virtual/legacy
[10:21:04] [main/INFO] [GradleStart]: Running with arguments: [--userProperties, {}, --accessToken, {REDACTED}, --assetIndex, legacy, --assetsDir, /Users/iMac6/.gradle/caches/minecraft/assets/virtual/legacy, --version, 1.6, --tweakClass, cpw.mods.fml.common.launcher.FMLTweaker, --tweakClass, cpw.mods.fml.common.launcher.FMLTweaker, --tweakClass, net.minecraftforge.gradle.tweakers.CoremodTweaker]
[10:21:04] [main/INFO] [LaunchWrapper]: Loading tweak class name cpw.mods.fml.common.launcher.FMLTweaker
[10:21:04] [main/INFO] [LaunchWrapper]: Using primary tweak class name cpw.mods.fml.common.launcher.FMLTweaker
[10:21:04] [main/WARN] [LaunchWrapper]: Tweak class name cpw.mods.fml.common.launcher.FMLTweaker has already been visited -- skipping
[10:21:04] [main/INFO] [LaunchWrapper]: Loading tweak class name net.minecraftforge.gradle.tweakers.CoremodTweaker
[10:21:04] [main/INFO] [LaunchWrapper]: Calling tweak class cpw.mods.fml.common.launcher.FMLTweaker
[10:24:02] [main/INFO] [GradleStart]: userProperties: {}
[10:24:02] [main/INFO] [GradleStart]: accessToken: FML
[10:24:02] [main/INFO] [GradleStart]: version: 1.6
[10:24:02] [main/INFO] [GradleStart]: Extra: [--tweakClass, cpw.mods.fml.common.launcher.FMLTweaker]
[10:24:02] [main/INFO] [GradleStart]: Setting up virtual assets in: /Users/iMac6/.gradle/caches/minecraft/assets/virtual/legacy
[10:24:03] [main/INFO] [GradleStart]: Running with arguments: [--userProperties, {}, --accessToken, {REDACTED}, --assetIndex, legacy, --assetsDir, /Users/iMac6/.gradle/caches/minecraft/assets/virtual/legacy, --version, 1.6, --tweakClass, cpw.mods.fml.common.launcher.FMLTweaker, --tweakClass, cpw.mods.fml.common.launcher.FMLTweaker, --tweakClass, net.minecraftforge.gradle.tweakers.CoremodTweaker]
[10:24:03] [main/INFO] [LaunchWrapper]: Loading tweak class name cpw.mods.fml.common.launcher.FMLTweaker
[10:24:03] [main/INFO] [LaunchWrapper]: Using primary tweak class name cpw.mods.fml.common.launcher.FMLTweaker
[10:24:03] [main/WARN] [LaunchWrapper]: Tweak class name cpw.mods.fml.common.launcher.FMLTweaker has already been visited -- skipping
[10:24:03] [main/INFO] [LaunchWrapper]: Loading tweak class name net.minecraftforge.gradle.tweakers.CoremodTweaker
[10:24:03] [main/INFO] [LaunchWrapper]: Calling tweak class cpw.mods.fml.common.launcher.FMLTweaker
[10:24:43] [main/INFO] [GradleStart]: userProperties: {}
[10:24:43] [main/INFO] [GradleStart]: accessToken: FML
[10:24:43] [main/INFO] [GradleStart]: version: 1.6
[10:24:43] [main/INFO] [GradleStart]: Extra: [--tweakClass, cpw.mods.fml.common.launcher.FMLTweaker]
[10:24:43] [main/INFO] [GradleStart]: Setting up virtual assets in: /Users/iMac6/.gradle/caches/minecraft/assets/virtual/legacy
[10:24:44] [main/INFO] [GradleStart]: Running with arguments: [--userProperties, {}, --accessToken, {REDACTED}, --assetIndex, legacy, --assetsDir, /Users/iMac6/.gradle/caches/minecraft/assets/virtual/legacy, --version, 1.6, --tweakClass, cpw.mods.fml.common.launcher.FMLTweaker, --tweakClass, cpw.mods.fml.common.launcher.FMLTweaker, --tweakClass, net.minecraftforge.gradle.tweakers.CoremodTweaker]
[10:24:44] [main/INFO] [LaunchWrapper]: Loading tweak class name cpw.mods.fml.common.launcher.FMLTweaker
[10:24:44] [main/INFO] [LaunchWrapper]: Using primary tweak class name cpw.mods.fml.common.launcher.FMLTweaker
[10:24:44] [main/WARN] [LaunchWrapper]: Tweak class name cpw.mods.fml.common.launcher.FMLTweaker has already been visited -- skipping
[10:24:44] [main/INFO] [LaunchWrapper]: Loading tweak class name net.minecraftforge.gradle.tweakers.CoremodTweaker
[10:24:44] [main/INFO] [LaunchWrapper]: Calling tweak class cpw.mods.fml.common.launcher.FMLTweaker
[10:29:05] [main/INFO] [GradleStart]: userProperties: {}
[10:29:05] [main/INFO] [GradleStart]: accessToken: FML
[10:29:05] [main/INFO] [GradleStart]: version: 1.6
[10:29:05] [main/INFO] [GradleStart]: Extra: [--tweakClass, cpw.mods.fml.common.launcher.FMLTweaker]
[10:29:05] [main/INFO] [GradleStart]: Setting up virtual assets in: /Users/iMac6/.gradle/caches/minecraft/assets/virtual/legacy
[10:29:06] [main/INFO] [GradleStart]: Running with arguments: [--userProperties, {}, --accessToken, {REDACTED}, --assetIndex, legacy, --assetsDir, /Users/iMac6/.gradle/caches/minecraft/assets/virtual/legacy, --version, 1.6, --tweakClass, cpw.mods.fml.common.launcher.FMLTweaker, --tweakClass, cpw.mods.fml.common.launcher.FMLTweaker, --tweakClass, net.minecraftforge.gradle.tweakers.CoremodTweaker]
[10:29:06] [main/INFO] [LaunchWrapper]: Loading tweak class name cpw.mods.fml.common.launcher.FMLTweaker
[10:29:06] [main/INFO] [LaunchWrapper]: Using primary tweak class name cpw.mods.fml.common.launcher.FMLTweaker
[10:29:06] [main/WARN] [LaunchWrapper]: Tweak class name cpw.mods.fml.common.launcher.FMLTweaker has already been visited -- skipping
[10:29:06] [main/INFO] [LaunchWrapper]: Loading tweak class name net.minecraftforge.gradle.tweakers.CoremodTweaker
[10:29:06] [main/INFO] [LaunchWrapper]: Calling tweak class cpw.mods.fml.common.launcher.FMLTweaker
[10:32:50] [main/INFO] [GradleStart]: userProperties: {}
[10:32:50] [main/INFO] [GradleStart]: accessToken: FML
[10:32:50] [main/INFO] [GradleStart]: version: 1.6
[10:32:50] [main/INFO] [GradleStart]: Extra: [--tweakClass, cpw.mods.fml.common.launcher.FMLTweaker]
[10:32:50] [main/INFO] [GradleStart]: Setting up virtual assets in: /Users/iMac6/.gradle/caches/minecraft/assets/virtual/legacy
[10:32:51] [main/INFO] [GradleStart]: Running with arguments: [--userProperties, {}, --accessToken, {REDACTED}, --assetIndex, legacy, --assetsDir, /Users/iMac6/.gradle/caches/minecraft/assets/virtual/legacy, --version, 1.6, --tweakClass, cpw.mods.fml.common.launcher.FMLTweaker, --tweakClass, cpw.mods.fml.common.launcher.FMLTweaker, --tweakClass, net.minecraftforge.gradle.tweakers.CoremodTweaker]
[10:32:51] [main/INFO] [LaunchWrapper]: Loading tweak class name cpw.mods.fml.common.launcher.FMLTweaker
[10:32:51] [main/INFO] [LaunchWrapper]: Using primary tweak class name cpw.mods.fml.common.launcher.FMLTweaker
[10:32:51] [main/WARN] [LaunchWrapper]: Tweak class name cpw.mods.fml.common.launcher.FMLTweaker has already been visited -- skipping
[10:32:51] [main/INFO] [LaunchWrapper]: Loading tweak class name net.minecraftforge.gradle.tweakers.CoremodTweaker
[10:32:51] [main/INFO] [LaunchWrapper]: Calling tweak class cpw.mods.fml.common.launcher.FMLTweaker
[10:34:21] [main/INFO] [GradleStart]: userProperties: {}
[10:34:21] [main/INFO] [GradleStart]: accessToken: FML
[10:34:21] [main/INFO] [GradleStart]: version: 1.6
[10:34:21] [main/INFO] [GradleStart]: Extra: [--tweakClass, cpw.mods.fml.common.launcher.FMLTweaker]
[10:34:21] [main/INFO] [GradleStart]: Setting up virtual assets in: /Users/iMac6/.gradle/caches/minecraft/assets/virtual/legacy
[10:34:22] [main/INFO] [GradleStart]: Running with arguments: [--userProperties, {}, --accessToken, {REDACTED}, --assetIndex, legacy, --assetsDir, /Users/iMac6/.gradle/caches/minecraft/assets/virtual/legacy, --version, 1.6, --tweakClass, cpw.mods.fml.common.launcher.FMLTweaker, --tweakClass, cpw.mods.fml.common.launcher.FMLTweaker, --tweakClass, net.minecraftforge.gradle.tweakers.CoremodTweaker]
[10:34:22] [main/INFO] [LaunchWrapper]: Loading tweak class name cpw.mods.fml.common.launcher.FMLTweaker
[10:34:22] [main/INFO] [LaunchWrapper]: Using primary tweak class name cpw.mods.fml.common.launcher.FMLTweaker
[10:34:22] [main/WARN] [LaunchWrapper]: Tweak class name cpw.mods.fml.common.launcher.FMLTweaker has already been visited -- skipping
[10:34:22] [main/INFO] [LaunchWrapper]: Loading tweak class name net.minecraftforge.gradle.tweakers.CoremodTweaker
[10:34:22] [main/INFO] [LaunchWrapper]: Calling tweak class cpw.mods.fml.common.launcher.FMLTweaker
[11:03:41] [main/INFO] [GradleStart]: Extra: []
[11:03:41] [main/INFO] [GradleStart]: Setting up virtual assets in: /Users/iMac6/.gradle/caches/minecraft/assets/virtual/legacy
[11:03:45] [main/INFO] [GradleStart]: Running with arguments: [--userProperties, {}, --accessToken, {REDACTED}, --assetIndex, legacy, --assetsDir, /Users/iMac6/.gradle/caches/minecraft/assets/virtual/legacy, --version, 1.7.2, --tweakClass, cpw.mods.fml.common.launcher.FMLTweaker, --tweakClass, net.minecraftforge.gradle.tweakers.CoremodTweaker]
[11:03:45] [main/INFO] [LaunchWrapper]: Loading tweak class name cpw.mods.fml.common.launcher.FMLTweaker
[11:03:46] [main/INFO] [LaunchWrapper]: Using primary tweak class name cpw.mods.fml.common.launcher.FMLTweaker
[11:03:46] [main/INFO] [LaunchWrapper]: Loading tweak class name net.minecraftforge.gradle.tweakers.CoremodTweaker
[11:03:46] [main/INFO] [LaunchWrapper]: Calling tweak class cpw.mods.fml.common.launcher.FMLTweaker
[11:52:34] [main/INFO] [GradleStart]: Extra: []
[11:52:34] [main/INFO] [GradleStart]: Setting up virtual assets in: /Users/iMac6/.gradle/caches/minecraft/assets/virtual/legacy
[11:52:36] [main/INFO] [GradleStart]: Running with arguments: [--userProperties, {}, --accessToken, {REDACTED}, --assetIndex, legacy, --assetsDir, /Users/iMac6/.gradle/caches/minecraft/assets/virtual/legacy, --version, 1.7.2, --tweakClass, cpw.mods.fml.common.launcher.FMLTweaker, --tweakClass, net.minecraftforge.gradle.tweakers.CoremodTweaker]
[11:52:36] [main/INFO] [LaunchWrapper]: Loading tweak class name cpw.mods.fml.common.launcher.FMLTweaker
[11:52:36] [main/INFO] [LaunchWrapper]: Using primary tweak class name cpw.mods.fml.common.launcher.FMLTweaker
[11:52:36] [main/INFO] [LaunchWrapper]: Loading tweak class name net.minecraftforge.gradle.tweakers.CoremodTweaker
[11:52:36] [main/INFO] [LaunchWrapper]: Calling tweak class cpw.mods.fml.common.launcher.FMLTweaker
[11:55:33] [main/INFO] [GradleStart]: Extra: []
[11:55:33] [main/INFO] [GradleStart]: Setting up virtual assets in: /Users/iMac6/.gradle/caches/minecraft/assets/virtual/legacy
[11:55:34] [main/INFO] [GradleStart]: Running with arguments: [--userProperties, {}, --accessToken, {REDACTED}, --assetIndex, legacy, --assetsDir, /Users/iMac6/.gradle/caches/minecraft/assets/virtual/legacy, --version, 1.7.2, --tweakClass, cpw.mods.fml.common.launcher.FMLTweaker, --tweakClass, net.minecraftforge.gradle.tweakers.CoremodTweaker]
[11:55:34] [main/INFO] [LaunchWrapper]: Loading tweak class name cpw.mods.fml.common.launcher.FMLTweaker
[11:55:34] [main/INFO] [LaunchWrapper]: Using primary tweak class name cpw.mods.fml.common.launcher.FMLTweaker
[11:55:34] [main/INFO] [LaunchWrapper]: Loading tweak class name net.minecraftforge.gradle.tweakers.CoremodTweaker
[11:55:34] [main/INFO] [LaunchWrapper]: Calling tweak class cpw.mods.fml.common.launcher.FMLTweaker
[12:20:25] [main/INFO] [GradleStart]: Extra: []
[12:20:25] [main/INFO] [GradleStart]: Setting up virtual assets in: /Users/iMac6/.gradle/caches/minecraft/assets/virtual/legacy
[12:20:27] [main/INFO] [GradleStart]: Running with arguments: [--userProperties, {}, --accessToken, {REDACTED}, --assetIndex, legacy, --assetsDir, /Users/iMac6/.gradle/caches/minecraft/assets/virtual/legacy, --version, 1.7.2, --tweakClass, cpw.mods.fml.common.launcher.FMLTweaker, --tweakClass, net.minecraftforge.gradle.tweakers.CoremodTweaker]
[12:20:27] [main/INFO] [LaunchWrapper]: Loading tweak class name cpw.mods.fml.common.launcher.FMLTweaker
[12:20:27] [main/INFO] [LaunchWrapper]: Using primary tweak class name cpw.mods.fml.common.launcher.FMLTweaker
[12:20:27] [main/INFO] [LaunchWrapper]: Loading tweak class name net.minecraftforge.gradle.tweakers.CoremodTweaker
[12:20:27] [main/INFO] [LaunchWrapper]: Calling tweak class cpw.mods.fml.common.launcher.FMLTweaker
[12:25:08] [main/INFO] [GradleStart]: Extra: []
[12:25:08] [main/INFO] [GradleStart]: Setting up virtual assets in: /Users/iMac6/.gradle/caches/minecraft/assets/virtual/legacy
[12:25:09] [main/INFO] [GradleStart]: Running with arguments: [--userProperties, {}, --accessToken, {REDACTED}, --assetIndex, legacy, --assetsDir, /Users/iMac6/.gradle/caches/minecraft/assets/virtual/legacy, --version, 1.7.2, --tweakClass, cpw.mods.fml.common.launcher.FMLTweaker, --tweakClass, net.minecraftforge.gradle.tweakers.CoremodTweaker]
[12:25:09] [main/INFO] [LaunchWrapper]: Loading tweak class name cpw.mods.fml.common.launcher.FMLTweaker
[12:25:09] [main/INFO] [LaunchWrapper]: Using primary tweak class name cpw.mods.fml.common.launcher.FMLTweaker
[12:25:09] [main/INFO] [LaunchWrapper]: Loading tweak class name net.minecraftforge.gradle.tweakers.CoremodTweaker
[12:25:09] [main/INFO] [LaunchWrapper]: Calling tweak class cpw.mods.fml.common.launcher.FMLTweaker
[12:26:41] [main/INFO] [GradleStart]: Extra: []
[12:26:41] [main/INFO] [GradleStart]: Setting up virtual assets in: /Users/iMac6/.gradle/caches/minecraft/assets/virtual/legacy
[12:26:42] [main/INFO] [GradleStart]: Running with arguments: [--userProperties, {}, --accessToken, {REDACTED}, --assetIndex, legacy, --assetsDir, /Users/iMac6/.gradle/caches/minecraft/assets/virtual/legacy, --version, 1.7.2, --tweakClass, cpw.mods.fml.common.launcher.FMLTweaker, --tweakClass, net.minecraftforge.gradle.tweakers.CoremodTweaker]
[12:26:42] [main/INFO] [LaunchWrapper]: Loading tweak class name cpw.mods.fml.common.launcher.FMLTweaker
[12:26:42] [main/INFO] [LaunchWrapper]: Using primary tweak class name cpw.mods.fml.common.launcher.FMLTweaker
[12:26:42] [main/INFO] [LaunchWrapper]: Loading tweak class name net.minecraftforge.gradle.tweakers.CoremodTweaker
[12:26:42] [main/INFO] [LaunchWrapper]: Calling tweak class cpw.mods.fml.common.launcher.FMLTweaker
[11:15:08] [main/INFO] [GradleStart]: Extra: []
[11:15:08] [main/INFO] [GradleStart]: Setting up virtual assets in: /Users/iMac6/.gradle/caches/minecraft/assets/virtual/legacy
[11:15:12] [main/INFO] [GradleStart]: Running with arguments: [--userProperties, {}, --accessToken, {REDACTED}, --assetIndex, legacy, --assetsDir, /Users/iMac6/.gradle/caches/minecraft/assets/virtual/legacy, --version, 1.7.2, --tweakClass, cpw.mods.fml.common.launcher.FMLTweaker, --tweakClass, net.minecraftforge.gradle.tweakers.CoremodTweaker]
[11:15:12] [main/INFO] [LaunchWrapper]: Loading tweak class name cpw.mods.fml.common.launcher.FMLTweaker
[11:15:12] [main/INFO] [LaunchWrapper]: Using primary tweak class name cpw.mods.fml.common.launcher.FMLTweaker
[11:15:12] [main/INFO] [LaunchWrapper]: Loading tweak class name net.minecraftforge.gradle.tweakers.CoremodTweaker
[11:15:12] [main/INFO] [LaunchWrapper]: Calling tweak class cpw.mods.fml.common.launcher.FMLTweaker
[11:41:12] [main/INFO] [GradleStart]: Extra: []
[11:41:12] [main/INFO] [GradleStart]: Setting up virtual assets in: /Users/iMac6/.gradle/caches/minecraft/assets/virtual/legacy
[11:41:14] [main/INFO] [GradleStart]: Running with arguments: [--userProperties, {}, --accessToken, {REDACTED}, --assetIndex, legacy, --assetsDir, /Users/iMac6/.gradle/caches/minecraft/assets/virtual/legacy, --version, 1.7.2, --tweakClass, cpw.mods.fml.common.launcher.FMLTweaker, --tweakClass, net.minecraftforge.gradle.tweakers.CoremodTweaker]
[11:41:14] [main/INFO] [LaunchWrapper]: Loading tweak class name cpw.mods.fml.common.launcher.FMLTweaker
[11:41:14] [main/INFO] [LaunchWrapper]: Using primary tweak class name cpw.mods.fml.common.launcher.FMLTweaker
[11:41:14] [main/INFO] [LaunchWrapper]: Loading tweak class name net.minecraftforge.gradle.tweakers.CoremodTweaker
[11:41:14] [main/INFO] [LaunchWrapper]: Calling tweak class cpw.mods.fml.common.launcher.FMLTweaker
[11:44:45] [main/INFO] [GradleStart]: Extra: []
[11:44:45] [main/INFO] [GradleStart]: Setting up virtual assets in: /Users/iMac6/.gradle/caches/minecraft/assets/virtual/legacy
[11:44:46] [main/INFO] [GradleStart]: Running with arguments: [--userProperties, {}, --accessToken, {REDACTED}, --assetIndex, legacy, --assetsDir, /Users/iMac6/.gradle/caches/minecraft/assets/virtual/legacy, --version, 1.7.2, --tweakClass, cpw.mods.fml.common.launcher.FMLTweaker, --tweakClass, net.minecraftforge.gradle.tweakers.CoremodTweaker]
[11:44:46] [main/INFO] [LaunchWrapper]: Loading tweak class name cpw.mods.fml.common.launcher.FMLTweaker
[11:44:46] [main/INFO] [LaunchWrapper]: Using primary tweak class name cpw.mods.fml.common.launcher.FMLTweaker
[11:44:46] [main/INFO] [LaunchWrapper]: Loading tweak class name net.minecraftforge.gradle.tweakers.CoremodTweaker
[11:44:46] [main/INFO] [LaunchWrapper]: Calling tweak class cpw.mods.fml.common.launcher.FMLTweaker
[12:17:03] [main/INFO] [GradleStart]: Extra: []
[12:17:03] [main/INFO] [GradleStart]: Setting up virtual assets in: /Users/iMac6/.gradle/caches/minecraft/assets/virtual/legacy
[12:17:04] [main/INFO] [GradleStart]: Running with arguments: [--userProperties, {}, --accessToken, {REDACTED}, --assetIndex, legacy, --assetsDir, /Users/iMac6/.gradle/caches/minecraft/assets/virtual/legacy, --version, 1.7.2, --tweakClass, cpw.mods.fml.common.launcher.FMLTweaker, --tweakClass, net.minecraftforge.gradle.tweakers.CoremodTweaker]
[12:17:04] [main/INFO] [LaunchWrapper]: Loading tweak class name cpw.mods.fml.common.launcher.FMLTweaker
[12:17:04] [main/INFO] [LaunchWrapper]: Using primary tweak class name cpw.mods.fml.common.launcher.FMLTweaker
[12:17:04] [main/INFO] [LaunchWrapper]: Loading tweak class name net.minecraftforge.gradle.tweakers.CoremodTweaker
[12:17:04] [main/INFO] [LaunchWrapper]: Calling tweak class cpw.mods.fml.common.launcher.FMLTweaker
