[12:26:43] [main/INFO]: Setting user: Player264
[12:26:44] [Client thread/INFO]: LWJGL Version: 2.9.1
[12:26:46] [Client thread/INFO]: Reloading ResourceManager: Default, FMLFileResourcePack:Forge Mod Loader, FMLFileResourcePack:Minecraft Forge, FMLFileResourcePack:mymod
[12:26:47] [Sound Library Loader/INFO]: Sound engine started
[12:26:47] [Client thread/INFO]: Created: 512x256 textures/blocks-atlas
[12:26:47] [Client thread/ERROR]: Using missing texture, unable to load minecraft:textures/items/opfood.png
java.io.FileNotFoundException: minecraft:textures/items/opfood.png
	at net.minecraft.client.resources.FallbackResourceManager.getResource(FallbackResourceManager.java:65) ~[FallbackResourceManager.class:?]
	at net.minecraft.client.resources.SimpleReloadableResourceManager.getResource(SimpleReloadableResourceManager.java:67) ~[SimpleReloadableResourceManager.class:?]
	at net.minecraft.client.renderer.texture.TextureMap.loadTextureAtlas(TextureMap.java:126) [TextureMap.class:?]
	at net.minecraft.client.renderer.texture.TextureMap.loadTexture(TextureMap.java:91) [TextureMap.class:?]
	at net.minecraft.client.renderer.texture.TextureManager.loadTexture(TextureManager.java:89) [TextureManager.class:?]
	at net.minecraft.client.renderer.texture.TextureManager.loadTickableTexture(TextureManager.java:71) [TextureManager.class:?]
	at net.minecraft.client.renderer.texture.TextureManager.loadTextureMap(TextureManager.java:58) [TextureManager.class:?]
	at net.minecraft.client.Minecraft.startGame(Minecraft.java:570) [Minecraft.class:?]
	at net.minecraft.client.Minecraft.run(Minecraft.java:880) [Minecraft.class:?]
	at net.minecraft.client.main.Main.main(Main.java:112) [Main.class:?]
	at sun.reflect.NativeMethodAccessorImpl.invoke0(Native Method) ~[?:1.7.0_45]
	at sun.reflect.NativeMethodAccessorImpl.invoke(NativeMethodAccessorImpl.java:57) ~[?:1.7.0_45]
	at sun.reflect.DelegatingMethodAccessorImpl.invoke(DelegatingMethodAccessorImpl.java:43) ~[?:1.7.0_45]
	at java.lang.reflect.Method.invoke(Method.java:606) ~[?:1.7.0_45]
	at net.minecraft.launchwrapper.Launch.launch(Launch.java:134) [launchwrapper-1.9.jar:?]
	at net.minecraft.launchwrapper.Launch.main(Launch.java:28) [launchwrapper-1.9.jar:?]
	at net.minecraftforge.gradle.GradleStartCommon.launch(Unknown Source) [start/:?]
	at GradleStart.main(Unknown Source) [start/:?]
[12:26:47] [Client thread/INFO]: Created: 256x256 textures/items-atlas
[12:26:47] [Client thread/INFO]: Reloading ResourceManager: Default, FMLFileResourcePack:Forge Mod Loader, FMLFileResourcePack:Minecraft Forge, FMLFileResourcePack:mymod
[12:26:47] [Client thread/ERROR]: Using missing texture, unable to load minecraft:textures/items/opfood.png
java.io.FileNotFoundException: minecraft:textures/items/opfood.png
	at net.minecraft.client.resources.FallbackResourceManager.getResource(FallbackResourceManager.java:65) ~[FallbackResourceManager.class:?]
	at net.minecraft.client.resources.SimpleReloadableResourceManager.getResource(SimpleReloadableResourceManager.java:67) ~[SimpleReloadableResourceManager.class:?]
	at net.minecraft.client.renderer.texture.TextureMap.loadTextureAtlas(TextureMap.java:126) [TextureMap.class:?]
	at net.minecraft.client.renderer.texture.TextureMap.loadTexture(TextureMap.java:91) [TextureMap.class:?]
	at net.minecraft.client.renderer.texture.TextureManager.loadTexture(TextureManager.java:89) [TextureManager.class:?]
	at net.minecraft.client.renderer.texture.TextureManager.onResourceManagerReload(TextureManager.java:170) [TextureManager.class:?]
	at net.minecraft.client.resources.SimpleReloadableResourceManager.notifyReloadListeners(SimpleReloadableResourceManager.java:134) [SimpleReloadableResourceManager.class:?]
	at net.minecraft.client.resources.SimpleReloadableResourceManager.reloadResources(SimpleReloadableResourceManager.java:118) [SimpleReloadableResourceManager.class:?]
	at net.minecraft.client.Minecraft.refreshResources(Minecraft.java:614) [Minecraft.class:?]
	at cpw.mods.fml.client.FMLClientHandler.finishMinecraftLoading(FMLClientHandler.java:303) [FMLClientHandler.class:?]
	at net.minecraft.client.Minecraft.startGame(Minecraft.java:573) [Minecraft.class:?]
	at net.minecraft.client.Minecraft.run(Minecraft.java:880) [Minecraft.class:?]
	at net.minecraft.client.main.Main.main(Main.java:112) [Main.class:?]
	at sun.reflect.NativeMethodAccessorImpl.invoke0(Native Method) ~[?:1.7.0_45]
	at sun.reflect.NativeMethodAccessorImpl.invoke(NativeMethodAccessorImpl.java:57) ~[?:1.7.0_45]
	at sun.reflect.DelegatingMethodAccessorImpl.invoke(DelegatingMethodAccessorImpl.java:43) ~[?:1.7.0_45]
	at java.lang.reflect.Method.invoke(Method.java:606) ~[?:1.7.0_45]
	at net.minecraft.launchwrapper.Launch.launch(Launch.java:134) [launchwrapper-1.9.jar:?]
	at net.minecraft.launchwrapper.Launch.main(Launch.java:28) [launchwrapper-1.9.jar:?]
	at net.minecraftforge.gradle.GradleStartCommon.launch(Unknown Source) [start/:?]
	at GradleStart.main(Unknown Source) [start/:?]
[12:26:47] [Client thread/INFO]: Created: 256x256 textures/items-atlas
[12:26:47] [Client thread/INFO]: Created: 512x256 textures/blocks-atlas
[12:26:48] [Sound Library Loader/INFO]: Sound engine started
[12:26:48] [MCO Availability Checker #1/ERROR]: Couldn't connect to Realms
[12:26:52] [Server thread/INFO]: Starting integrated minecraft server version 1.7.2
[12:26:52] [Server thread/INFO]: Generating keypair
[12:26:52] [Server thread/INFO]: Preparing start region for level 0
[12:26:53] [Server thread/INFO]: Player264[local:E:c69f4a49] logged in with entity id 0 at (660.4033543564498, 58.11163302697389, -73.35976546505768)
[12:26:53] [Server thread/INFO]: Player264 joined the game
[12:26:56] [Server thread/INFO]: Player264 has just earned the achievement [Taking Inventory]
[12:26:56] [Client thread/INFO]: [CHAT] Player264 has just earned the achievement [Taking Inventory]
[12:27:34] [Server thread/INFO]: Saving and pausing game...
[12:27:34] [Server thread/INFO]: Saving chunks for level 'New World'/Overworld
[12:27:34] [Server thread/INFO]: Saving chunks for level 'New World'/Nether
[12:27:34] [Server thread/INFO]: Saving chunks for level 'New World'/The End
[12:29:02] [Server thread/INFO]: [Player264: Set the time to 17000]
[12:29:02] [Client thread/INFO]: [CHAT] Set the time to 17000
[12:29:31] [Server thread/INFO]: [Player264: Given [Command Block] * 1 to Player264]
[12:29:31] [Client thread/INFO]: [CHAT] Warning: Using numeric IDs will not be supported in the future. Please use names, such as 'minecraft:command_block'
[12:29:31] [Client thread/INFO]: [CHAT] Given [Command Block] * 1 to Player264
[12:29:34] [Server thread/INFO]: Saving and pausing game...
[12:29:34] [Server thread/INFO]: Saving chunks for level 'New World'/Overworld
[12:29:34] [Server thread/INFO]: Saving chunks for level 'New World'/Nether
[12:29:34] [Server thread/INFO]: Saving chunks for level 'New World'/The End
[12:29:50] [Client thread/INFO]: [CHAT] Command set: /setblock ~ ~1 ~ redstone_Block
[12:29:56] [Client thread/INFO]: [CHAT] commandBlockOutput, doDaylightCycle, doFireTick, doMobLoot, doMobSpawning, doTileDrops, keepInventory, mobGriefing, naturalRegeneration
[12:29:56] [Client thread/INFO]: [CHAT] commandBlockOutput, doDaylightCycle, doFireTick, doMobLoot, doMobSpawning, doTileDrops, keepInventory, mobGriefing, naturalRegeneration
[12:29:56] [Client thread/INFO]: [CHAT] commandBlockOutput, doDaylightCycle, doFireTick, doMobLoot, doMobSpawning, doTileDrops, keepInventory, mobGriefing, naturalRegeneration
[12:29:57] [Client thread/INFO]: [CHAT] commandBlockOutput, doDaylightCycle, doFireTick, doMobLoot, doMobSpawning, doTileDrops, keepInventory, mobGriefing, naturalRegeneration
[12:29:57] [Client thread/INFO]: [CHAT] commandBlockOutput, doDaylightCycle, doFireTick, doMobLoot, doMobSpawning, doTileDrops, keepInventory, mobGriefing, naturalRegeneration
[12:29:58] [Client thread/INFO]: [CHAT] commandBlockOutput, doDaylightCycle, doFireTick, doMobLoot, doMobSpawning, doTileDrops, keepInventory, mobGriefing, naturalRegeneration
[12:30:00] [Server thread/INFO]: [Player264: Game rule has been updated]
[12:30:00] [Client thread/INFO]: [CHAT] Game rule has been updated
[12:30:14] [Server thread/INFO]: Saving and pausing game...
[12:30:14] [Server thread/INFO]: Saving chunks for level 'New World'/Overworld
[12:30:14] [Server thread/INFO]: Saving chunks for level 'New World'/Nether
[12:30:14] [Server thread/INFO]: Saving chunks for level 'New World'/The End
[12:30:25] [Client thread/INFO]: [CHAT] Command set: /setblock ~ ~1 ~ minecraft:redstone_block
[12:30:27] [Server thread/INFO]: Saving and pausing game...
[12:30:27] [Server thread/INFO]: Saving chunks for level 'New World'/Overworld
[12:30:27] [Server thread/INFO]: Saving chunks for level 'New World'/Nether
[12:30:27] [Server thread/INFO]: Saving chunks for level 'New World'/The End
[12:30:34] [Server thread/INFO]: Saving and pausing game...
[12:30:34] [Server thread/INFO]: Saving chunks for level 'New World'/Overworld
[12:30:34] [Server thread/INFO]: Saving chunks for level 'New World'/Nether
[12:30:34] [Server thread/INFO]: Saving chunks for level 'New World'/The End
[12:30:45] [Client thread/INFO]: [CHAT] Command set: /setblock ~ ~1 ~ minecraft:redstone_block 0 destroy
[12:30:47] [Server thread/INFO]: [@: Block placed]
[12:30:47] [Client thread/INFO]: [CHAT] [@: Block placed]
[12:30:47] [Server thread/INFO]: [@: Block placed]
[12:30:47] [Client thread/INFO]: [CHAT] [@: Block placed]
[12:30:47] [Server thread/INFO]: [@: Block placed]
[12:30:47] [Client thread/INFO]: [CHAT] [@: Block placed]
[12:30:47] [Server thread/INFO]: [@: Block placed]
[12:30:47] [Client thread/INFO]: [CHAT] [@: Block placed]
[12:30:47] [Server thread/INFO]: [@: Block placed]
[12:30:47] [Client thread/INFO]: [CHAT] [@: Block placed]
[12:30:47] [Server thread/INFO]: [@: Block placed]
[12:30:47] [Client thread/INFO]: [CHAT] [@: Block placed]
[12:30:47] [Server thread/INFO]: [@: Block placed]
[12:30:47] [Client thread/INFO]: [CHAT] [@: Block placed]
[12:30:47] [Server thread/INFO]: [@: Block placed]
[12:30:47] [Client thread/INFO]: [CHAT] [@: Block placed]
[12:30:47] [Server thread/INFO]: [@: Block placed]
[12:30:47] [Client thread/INFO]: [CHAT] [@: Block placed]
[12:30:47] [Server thread/INFO]: [@: Block placed]
[12:30:47] [Client thread/INFO]: [CHAT] [@: Block placed]
[12:30:47] [Server thread/INFO]: [@: Block placed]
[12:30:47] [Client thread/INFO]: [CHAT] [@: Block placed]
[12:30:47] [Server thread/INFO]: [@: Block placed]
[12:30:47] [Client thread/INFO]: [CHAT] [@: Block placed]
[12:30:47] [Server thread/INFO]: [@: Block placed]
[12:30:47] [Client thread/INFO]: [CHAT] [@: Block placed]
[12:30:47] [Server thread/INFO]: [@: Block placed]
[12:30:47] [Client thread/INFO]: [CHAT] [@: Block placed]
[12:30:47] [Server thread/INFO]: [@: Block placed]
[12:30:47] [Client thread/INFO]: [CHAT] [@: Block placed]
[12:30:47] [Server thread/INFO]: [@: Block placed]
[12:30:47] [Client thread/INFO]: [CHAT] [@: Block placed]
[12:30:48] [Server thread/INFO]: [@: Block placed]
[12:30:48] [Client thread/INFO]: [CHAT] [@: Block placed]
[12:30:48] [Server thread/INFO]: [@: Block placed]
[12:30:48] [Client thread/INFO]: [CHAT] [@: Block placed]
[12:30:48] [Server thread/INFO]: [@: Block placed]
[12:30:48] [Client thread/INFO]: [CHAT] [@: Block placed]
[12:30:48] [Server thread/INFO]: [@: Block placed]
[12:30:48] [Client thread/INFO]: [CHAT] [@: Block placed]
[12:30:48] [Server thread/INFO]: [@: Block placed]
[12:30:48] [Client thread/INFO]: [CHAT] [@: Block placed]
[12:30:48] [Server thread/INFO]: [@: Block placed]
[12:30:48] [Client thread/INFO]: [CHAT] [@: Block placed]
[12:30:48] [Server thread/INFO]: [@: Block placed]
[12:30:48] [Client thread/INFO]: [CHAT] [@: Block placed]
[12:30:48] [Server thread/INFO]: [@: Block placed]
[12:30:48] [Client thread/INFO]: [CHAT] [@: Block placed]
[12:30:48] [Server thread/INFO]: [@: Block placed]
[12:30:48] [Client thread/INFO]: [CHAT] [@: Block placed]
[12:30:48] [Server thread/INFO]: [@: Block placed]
[12:30:48] [Client thread/INFO]: [CHAT] [@: Block placed]
[12:30:48] [Server thread/INFO]: [@: Block placed]
[12:30:48] [Client thread/INFO]: [CHAT] [@: Block placed]
[12:30:48] [Server thread/INFO]: [@: Block placed]
[12:30:48] [Client thread/INFO]: [CHAT] [@: Block placed]
[12:30:48] [Server thread/INFO]: [@: Block placed]
[12:30:48] [Client thread/INFO]: [CHAT] [@: Block placed]
[12:30:48] [Server thread/INFO]: [@: Block placed]
[12:30:48] [Client thread/INFO]: [CHAT] [@: Block placed]
[12:30:48] [Server thread/INFO]: [@: Block placed]
[12:30:48] [Client thread/INFO]: [CHAT] [@: Block placed]
[12:30:48] [Server thread/INFO]: [@: Block placed]
[12:30:48] [Client thread/INFO]: [CHAT] [@: Block placed]
[12:30:48] [Server thread/INFO]: [@: Block placed]
[12:30:48] [Client thread/INFO]: [CHAT] [@: Block placed]
[12:30:48] [Server thread/INFO]: [@: Block placed]
[12:30:48] [Client thread/INFO]: [CHAT] [@: Block placed]
[12:30:48] [Server thread/INFO]: [@: Block placed]
[12:30:48] [Client thread/INFO]: [CHAT] [@: Block placed]
[12:30:48] [Server thread/INFO]: [@: Block placed]
[12:30:48] [Client thread/INFO]: [CHAT] [@: Block placed]
[12:30:49] [Server thread/INFO]: [@: Block placed]
[12:30:49] [Client thread/INFO]: [CHAT] [@: Block placed]
[12:30:49] [Server thread/INFO]: [@: Block placed]
[12:30:49] [Client thread/INFO]: [CHAT] [@: Block placed]
[12:30:49] [Server thread/INFO]: [@: Block placed]
[12:30:49] [Client thread/INFO]: [CHAT] [@: Block placed]
[12:30:49] [Server thread/INFO]: [@: Block placed]
[12:30:49] [Client thread/INFO]: [CHAT] [@: Block placed]
[12:30:49] [Server thread/INFO]: [@: Block placed]
[12:30:49] [Client thread/INFO]: [CHAT] [@: Block placed]
[12:30:49] [Server thread/INFO]: [@: Block placed]
[12:30:49] [Client thread/INFO]: [CHAT] [@: Block placed]
[12:30:49] [Server thread/INFO]: [@: Block placed]
[12:30:49] [Client thread/INFO]: [CHAT] [@: Block placed]
[12:30:49] [Server thread/INFO]: [@: Block placed]
[12:30:49] [Client thread/INFO]: [CHAT] [@: Block placed]
[12:30:49] [Server thread/INFO]: [@: Block placed]
[12:30:49] [Client thread/INFO]: [CHAT] [@: Block placed]
[12:30:49] [Server thread/INFO]: [@: Block placed]
[12:30:49] [Client thread/INFO]: [CHAT] [@: Block placed]
[12:30:49] [Server thread/INFO]: [@: Block placed]
[12:30:49] [Client thread/INFO]: [CHAT] [@: Block placed]
[12:30:49] [Server thread/INFO]: [@: Block placed]
[12:30:49] [Client thread/INFO]: [CHAT] [@: Block placed]
[12:30:49] [Server thread/INFO]: [@: Block placed]
[12:30:49] [Client thread/INFO]: [CHAT] [@: Block placed]
[12:30:49] [Server thread/INFO]: [@: Block placed]
[12:30:49] [Client thread/INFO]: [CHAT] [@: Block placed]
[12:30:49] [Server thread/INFO]: [@: Block placed]
[12:30:49] [Client thread/INFO]: [CHAT] [@: Block placed]
[12:30:49] [Server thread/INFO]: [@: Block placed]
[12:30:49] [Client thread/INFO]: [CHAT] [@: Block placed]
[12:30:49] [Server thread/INFO]: [@: Block placed]
[12:30:49] [Client thread/INFO]: [CHAT] [@: Block placed]
[12:30:49] [Server thread/INFO]: [@: Block placed]
[12:30:49] [Client thread/INFO]: [CHAT] [@: Block placed]
[12:30:49] [Server thread/INFO]: [@: Block placed]
[12:30:49] [Client thread/INFO]: [CHAT] [@: Block placed]
[12:30:49] [Server thread/INFO]: [@: Block placed]
[12:30:49] [Client thread/INFO]: [CHAT] [@: Block placed]
[12:30:50] [Server thread/INFO]: [@: Block placed]
[12:30:50] [Client thread/INFO]: [CHAT] [@: Block placed]
[12:30:50] [Server thread/INFO]: [@: Block placed]
[12:30:50] [Client thread/INFO]: [CHAT] [@: Block placed]
[12:30:50] [Server thread/INFO]: [@: Block placed]
[12:30:50] [Client thread/INFO]: [CHAT] [@: Block placed]
[12:30:50] [Server thread/INFO]: [@: Block placed]
[12:30:50] [Client thread/INFO]: [CHAT] [@: Block placed]
[12:30:50] [Server thread/INFO]: [@: Block placed]
[12:30:50] [Client thread/INFO]: [CHAT] [@: Block placed]
[12:30:50] [Server thread/INFO]: [@: Block placed]
[12:30:50] [Client thread/INFO]: [CHAT] [@: Block placed]
[12:30:50] [Server thread/INFO]: [@: Block placed]
[12:30:50] [Client thread/INFO]: [CHAT] [@: Block placed]
[12:30:50] [Server thread/INFO]: [@: Block placed]
[12:30:50] [Client thread/INFO]: [CHAT] [@: Block placed]
[12:30:50] [Server thread/INFO]: [@: Block placed]
[12:30:50] [Client thread/INFO]: [CHAT] [@: Block placed]
[12:30:50] [Server thread/INFO]: [@: Block placed]
[12:30:50] [Client thread/INFO]: [CHAT] [@: Block placed]
[12:30:50] [Server thread/INFO]: [@: Block placed]
[12:30:50] [Client thread/INFO]: [CHAT] [@: Block placed]
[12:30:50] [Server thread/INFO]: [@: Block placed]
[12:30:50] [Client thread/INFO]: [CHAT] [@: Block placed]
[12:30:50] [Server thread/INFO]: [@: Block placed]
[12:30:50] [Client thread/INFO]: [CHAT] [@: Block placed]
[12:30:50] [Server thread/INFO]: [@: Block placed]
[12:30:50] [Client thread/INFO]: [CHAT] [@: Block placed]
[12:30:50] [Server thread/INFO]: [@: Block placed]
[12:30:50] [Client thread/INFO]: [CHAT] [@: Block placed]
[12:30:50] [Server thread/INFO]: [@: Block placed]
[12:30:50] [Client thread/INFO]: [CHAT] [@: Block placed]
[12:30:50] [Server thread/INFO]: [@: Block placed]
[12:30:50] [Client thread/INFO]: [CHAT] [@: Block placed]
[12:30:50] [Server thread/INFO]: [@: Block placed]
[12:30:50] [Client thread/INFO]: [CHAT] [@: Block placed]
[12:30:50] [Server thread/INFO]: [@: Block placed]
[12:30:50] [Client thread/INFO]: [CHAT] [@: Block placed]
[12:30:50] [Server thread/INFO]: [@: Block placed]
[12:30:50] [Client thread/INFO]: [CHAT] [@: Block placed]
[12:30:51] [Server thread/INFO]: [@: Block placed]
[12:30:51] [Client thread/INFO]: [CHAT] [@: Block placed]
[12:30:51] [Server thread/INFO]: [@: Block placed]
[12:30:51] [Client thread/INFO]: [CHAT] [@: Block placed]
[12:30:51] [Server thread/INFO]: [@: Block placed]
[12:30:51] [Client thread/INFO]: [CHAT] [@: Block placed]
[12:30:51] [Server thread/INFO]: [@: Block placed]
[12:30:51] [Client thread/INFO]: [CHAT] [@: Block placed]
[12:30:51] [Server thread/INFO]: [@: Block placed]
[12:30:51] [Client thread/INFO]: [CHAT] [@: Block placed]
[12:30:51] [Server thread/INFO]: [@: Block placed]
[12:30:51] [Client thread/INFO]: [CHAT] [@: Block placed]
[12:30:51] [Server thread/INFO]: [@: Block placed]
[12:30:51] [Client thread/INFO]: [CHAT] [@: Block placed]
[12:30:51] [Server thread/INFO]: [@: Block placed]
[12:30:51] [Client thread/INFO]: [CHAT] [@: Block placed]
[12:30:51] [Server thread/INFO]: [@: Block placed]
[12:30:51] [Client thread/INFO]: [CHAT] [@: Block placed]
[12:30:51] [Server thread/INFO]: [@: Block placed]
[12:30:51] [Client thread/INFO]: [CHAT] [@: Block placed]
[12:30:51] [Server thread/INFO]: [@: Block placed]
[12:30:51] [Client thread/INFO]: [CHAT] [@: Block placed]
[12:30:51] [Server thread/INFO]: [@: Block placed]
[12:30:51] [Client thread/INFO]: [CHAT] [@: Block placed]
[12:30:51] [Server thread/INFO]: [@: Block placed]
[12:30:51] [Client thread/INFO]: [CHAT] [@: Block placed]
[12:30:51] [Server thread/INFO]: [@: Block placed]
[12:30:51] [Client thread/INFO]: [CHAT] [@: Block placed]
[12:30:51] [Server thread/INFO]: [@: Block placed]
[12:30:51] [Client thread/INFO]: [CHAT] [@: Block placed]
[12:30:51] [Server thread/INFO]: [@: Block placed]
[12:30:51] [Client thread/INFO]: [CHAT] [@: Block placed]
[12:30:51] [Server thread/INFO]: [@: Block placed]
[12:30:51] [Client thread/INFO]: [CHAT] [@: Block placed]
[12:30:51] [Server thread/INFO]: [@: Block placed]
[12:30:51] [Client thread/INFO]: [CHAT] [@: Block placed]
[12:30:51] [Server thread/INFO]: [@: Block placed]
[12:30:51] [Client thread/INFO]: [CHAT] [@: Block placed]
[12:30:51] [Server thread/INFO]: [@: Block placed]
[12:30:51] [Client thread/INFO]: [CHAT] [@: Block placed]
[12:30:52] [Server thread/INFO]: [@: Block placed]
[12:30:52] [Client thread/INFO]: [CHAT] [@: Block placed]
[12:30:52] [Server thread/INFO]: [@: Block placed]
[12:30:52] [Client thread/INFO]: [CHAT] [@: Block placed]
[12:30:52] [Server thread/INFO]: [@: Block placed]
[12:30:52] [Client thread/INFO]: [CHAT] [@: Block placed]
[12:30:52] [Server thread/INFO]: [@: Block placed]
[12:30:52] [Client thread/INFO]: [CHAT] [@: Block placed]
[12:30:52] [Server thread/INFO]: [@: Block placed]
[12:30:52] [Client thread/INFO]: [CHAT] [@: Block placed]
[12:30:52] [Server thread/INFO]: [@: Block placed]
[12:30:52] [Client thread/INFO]: [CHAT] [@: Block placed]
[12:30:52] [Server thread/INFO]: [@: Block placed]
[12:30:52] [Client thread/INFO]: [CHAT] [@: Block placed]
[12:30:52] [Server thread/INFO]: [@: Block placed]
[12:30:52] [Client thread/INFO]: [CHAT] [@: Block placed]
[12:30:52] [Server thread/INFO]: [@: Block placed]
[12:30:52] [Client thread/INFO]: [CHAT] [@: Block placed]
[12:30:52] [Server thread/INFO]: [@: Block placed]
[12:30:52] [Client thread/INFO]: [CHAT] [@: Block placed]
[12:30:52] [Server thread/INFO]: [@: Block placed]
[12:30:52] [Client thread/INFO]: [CHAT] [@: Block placed]
[12:30:52] [Server thread/INFO]: [@: Block placed]
[12:30:52] [Client thread/INFO]: [CHAT] [@: Block placed]
[12:30:52] [Server thread/INFO]: [@: Block placed]
[12:30:52] [Client thread/INFO]: [CHAT] [@: Block placed]
[12:30:52] [Server thread/INFO]: [@: Block placed]
[12:30:52] [Client thread/INFO]: [CHAT] [@: Block placed]
[12:30:52] [Server thread/INFO]: [@: Block placed]
[12:30:52] [Client thread/INFO]: [CHAT] [@: Block placed]
[12:30:52] [Server thread/INFO]: [@: Block placed]
[12:30:52] [Client thread/INFO]: [CHAT] [@: Block placed]
[12:30:52] [Server thread/INFO]: [@: Block placed]
[12:30:52] [Client thread/INFO]: [CHAT] [@: Block placed]
[12:30:52] [Server thread/INFO]: [@: Block placed]
[12:30:52] [Client thread/INFO]: [CHAT] [@: Block placed]
[12:30:52] [Server thread/INFO]: [@: Block placed]
[12:30:52] [Client thread/INFO]: [CHAT] [@: Block placed]
[12:30:52] [Server thread/INFO]: [@: Block placed]
[12:30:52] [Client thread/INFO]: [CHAT] [@: Block placed]
[12:30:53] [Server thread/INFO]: [@: Block placed]
[12:30:53] [Client thread/INFO]: [CHAT] [@: Block placed]
[12:30:53] [Server thread/INFO]: [@: Block placed]
[12:30:53] [Client thread/INFO]: [CHAT] [@: Block placed]
[12:30:53] [Server thread/INFO]: [@: Block placed]
[12:30:53] [Client thread/INFO]: [CHAT] [@: Block placed]
[12:30:53] [Server thread/INFO]: [@: Block placed]
[12:30:53] [Client thread/INFO]: [CHAT] [@: Block placed]
[12:30:53] [Server thread/INFO]: [@: Block placed]
[12:30:53] [Client thread/INFO]: [CHAT] [@: Block placed]
[12:30:53] [Server thread/INFO]: [@: Block placed]
[12:30:53] [Client thread/INFO]: [CHAT] [@: Block placed]
[12:30:53] [Server thread/INFO]: [@: Block placed]
[12:30:53] [Client thread/INFO]: [CHAT] [@: Block placed]
[12:30:53] [Server thread/INFO]: [@: Block placed]
[12:30:53] [Client thread/INFO]: [CHAT] [@: Block placed]
[12:30:53] [Server thread/INFO]: [@: Block placed]
[12:30:53] [Client thread/INFO]: [CHAT] [@: Block placed]
[12:30:53] [Server thread/INFO]: [@: Block placed]
[12:30:53] [Client thread/INFO]: [CHAT] [@: Block placed]
[12:30:53] [Server thread/INFO]: [@: Block placed]
[12:30:53] [Client thread/INFO]: [CHAT] [@: Block placed]
[12:30:53] [Server thread/INFO]: [@: Block placed]
[12:30:53] [Client thread/INFO]: [CHAT] [@: Block placed]
[12:30:53] [Client thread/INFO]: [CHAT] commandBlockOutput, doDaylightCycle, doFireTick, doMobLoot, doMobSpawning, doTileDrops, keepInventory, mobGriefing, naturalRegeneration
[12:30:53] [Server thread/INFO]: [@: Block placed]
[12:30:53] [Client thread/INFO]: [CHAT] [@: Block placed]
[12:30:53] [Server thread/INFO]: [@: Block placed]
[12:30:53] [Client thread/INFO]: [CHAT] [@: Block placed]
[12:30:53] [Server thread/INFO]: [@: Block placed]
[12:30:53] [Client thread/INFO]: [CHAT] [@: Block placed]
[12:30:53] [Server thread/INFO]: [@: Block placed]
[12:30:53] [Client thread/INFO]: [CHAT] [@: Block placed]
[12:30:53] [Server thread/INFO]: [@: Block placed]
[12:30:53] [Client thread/INFO]: [CHAT] [@: Block placed]
[12:30:53] [Server thread/INFO]: [@: Block placed]
[12:30:53] [Client thread/INFO]: [CHAT] [@: Block placed]
[12:30:53] [Server thread/INFO]: [@: Block placed]
[12:30:53] [Client thread/INFO]: [CHAT] [@: Block placed]
[12:30:53] [Server thread/INFO]: [@: Block placed]
[12:30:53] [Client thread/INFO]: [CHAT] [@: Block placed]
[12:30:54] [Server thread/INFO]: [@: Block placed]
[12:30:54] [Client thread/INFO]: [CHAT] [@: Block placed]
[12:30:54] [Server thread/INFO]: [@: Block placed]
[12:30:54] [Client thread/INFO]: [CHAT] [@: Block placed]
[12:30:54] [Server thread/INFO]: [@: Block placed]
[12:30:54] [Client thread/INFO]: [CHAT] [@: Block placed]
[12:30:54] [Server thread/INFO]: [@: Block placed]
[12:30:54] [Client thread/INFO]: [CHAT] [@: Block placed]
[12:30:54] [Server thread/INFO]: [@: Block placed]
[12:30:54] [Client thread/INFO]: [CHAT] [@: Block placed]
[12:30:54] [Server thread/INFO]: [@: Block placed]
[12:30:54] [Client thread/INFO]: [CHAT] [@: Block placed]
[12:30:54] [Server thread/INFO]: [@: Block placed]
[12:30:54] [Client thread/INFO]: [CHAT] [@: Block placed]
[12:30:54] [Server thread/INFO]: [@: Block placed]
[12:30:54] [Client thread/INFO]: [CHAT] [@: Block placed]
[12:30:54] [Server thread/INFO]: [@: Block placed]
[12:30:54] [Client thread/INFO]: [CHAT] [@: Block placed]
[12:30:54] [Server thread/INFO]: [@: Block placed]
[12:30:54] [Client thread/INFO]: [CHAT] [@: Block placed]
[12:30:54] [Server thread/INFO]: [@: Block placed]
[12:30:54] [Client thread/INFO]: [CHAT] [@: Block placed]
[12:30:54] [Server thread/INFO]: [@: Block placed]
[12:30:54] [Client thread/INFO]: [CHAT] [@: Block placed]
[12:30:54] [Server thread/INFO]: [@: Block placed]
[12:30:54] [Client thread/INFO]: [CHAT] [@: Block placed]
[12:30:54] [Server thread/INFO]: [@: Block placed]
[12:30:54] [Client thread/INFO]: [CHAT] [@: Block placed]
[12:30:54] [Server thread/INFO]: [@: Block placed]
[12:30:54] [Client thread/INFO]: [CHAT] [@: Block placed]
[12:30:54] [Server thread/INFO]: [@: Block placed]
[12:30:54] [Client thread/INFO]: [CHAT] [@: Block placed]
[12:30:54] [Server thread/INFO]: [@: Block placed]
[12:30:54] [Client thread/INFO]: [CHAT] [@: Block placed]
[12:30:54] [Server thread/INFO]: [@: Block placed]
[12:30:54] [Client thread/INFO]: [CHAT] [@: Block placed]
[12:30:54] [Server thread/INFO]: [@: Block placed]
[12:30:54] [Client thread/INFO]: [CHAT] [@: Block placed]
[12:30:54] [Server thread/INFO]: [@: Block placed]
[12:30:54] [Client thread/INFO]: [CHAT] [@: Block placed]
[12:30:55] [Server thread/INFO]: [@: Block placed]
[12:30:55] [Client thread/INFO]: [CHAT] [@: Block placed]
[12:30:55] [Server thread/INFO]: [@: Block placed]
[12:30:55] [Client thread/INFO]: [CHAT] [@: Block placed]
[12:30:55] [Server thread/INFO]: [@: Block placed]
[12:30:55] [Client thread/INFO]: [CHAT] [@: Block placed]
[12:30:55] [Server thread/INFO]: [@: Block placed]
[12:30:55] [Client thread/INFO]: [CHAT] [@: Block placed]
[12:30:55] [Server thread/INFO]: [@: Block placed]
[12:30:55] [Client thread/INFO]: [CHAT] [@: Block placed]
[12:30:55] [Server thread/INFO]: [@: Block placed]
[12:30:55] [Client thread/INFO]: [CHAT] [@: Block placed]
[12:30:55] [Server thread/INFO]: [@: Block placed]
[12:30:55] [Client thread/INFO]: [CHAT] [@: Block placed]
[12:30:55] [Server thread/INFO]: [@: Block placed]
[12:30:55] [Client thread/INFO]: [CHAT] [@: Block placed]
[12:30:55] [Server thread/INFO]: [@: Block placed]
[12:30:55] [Client thread/INFO]: [CHAT] [@: Block placed]
[12:30:55] [Server thread/INFO]: [@: Block placed]
[12:30:55] [Client thread/INFO]: [CHAT] [@: Block placed]
[12:30:55] [Server thread/INFO]: [@: Block placed]
[12:30:55] [Client thread/INFO]: [CHAT] [@: Block placed]
[12:30:55] [Server thread/INFO]: [@: Block placed]
[12:30:55] [Client thread/INFO]: [CHAT] [@: Block placed]
[12:30:55] [Server thread/INFO]: [@: Block placed]
[12:30:55] [Client thread/INFO]: [CHAT] [@: Block placed]
[12:30:55] [Server thread/INFO]: [@: Block placed]
[12:30:55] [Client thread/INFO]: [CHAT] [@: Block placed]
[12:30:55] [Server thread/INFO]: [@: Block placed]
[12:30:55] [Client thread/INFO]: [CHAT] [@: Block placed]
[12:30:55] [Server thread/INFO]: [@: Block placed]
[12:30:55] [Client thread/INFO]: [CHAT] [@: Block placed]
[12:30:55] [Server thread/INFO]: [@: Block placed]
[12:30:55] [Client thread/INFO]: [CHAT] [@: Block placed]
[12:30:55] [Server thread/INFO]: [@: Block placed]
[12:30:55] [Client thread/INFO]: [CHAT] [@: Block placed]
[12:30:55] [Server thread/INFO]: [@: Block placed]
[12:30:55] [Client thread/INFO]: [CHAT] [@: Block placed]
[12:30:55] [Server thread/INFO]: [@: Block placed]
[12:30:55] [Client thread/INFO]: [CHAT] [@: Block placed]
[12:30:56] [Server thread/INFO]: [@: Block placed]
[12:30:56] [Client thread/INFO]: [CHAT] [@: Block placed]
[12:30:56] [Server thread/INFO]: [@: Block placed]
[12:30:56] [Client thread/INFO]: [CHAT] [@: Block placed]
[12:30:56] [Server thread/INFO]: [@: Block placed]
[12:30:56] [Client thread/INFO]: [CHAT] [@: Block placed]
[12:30:56] [Server thread/INFO]: [@: Block placed]
[12:30:56] [Client thread/INFO]: [CHAT] [@: Block placed]
[12:30:56] [Server thread/INFO]: [@: Block placed]
[12:30:56] [Client thread/INFO]: [CHAT] [@: Block placed]
[12:30:56] [Server thread/INFO]: [@: Block placed]
[12:30:56] [Client thread/INFO]: [CHAT] [@: Block placed]
[12:30:56] [Server thread/INFO]: [@: Block placed]
[12:30:56] [Server thread/INFO]: [Player264: Game rule has been updated]
[12:30:56] [Client thread/INFO]: [CHAT] [@: Block placed]
[12:30:56] [Client thread/INFO]: [CHAT] Game rule has been updated
[12:30:56] [Server thread/INFO]: [@: Block placed]
[12:30:56] [Server thread/INFO]: [@: Block placed]
[12:30:56] [Server thread/INFO]: [@: Block placed]
[12:30:56] [Server thread/INFO]: [@: Block placed]
[12:30:56] [Server thread/INFO]: [@: Block placed]
[12:30:56] [Server thread/INFO]: [@: Block placed]
[12:30:56] [Server thread/INFO]: [@: Block placed]
[12:30:56] [Server thread/INFO]: [@: Block placed]
[12:30:56] [Server thread/INFO]: [@: Block placed]
[12:30:56] [Server thread/INFO]: [@: Block placed]
[12:30:56] [Server thread/INFO]: [@: Block placed]
[12:30:56] [Server thread/INFO]: [@: Block placed]
[12:30:56] [Server thread/INFO]: [@: Block placed]
[12:30:57] [Server thread/INFO]: [@: Block placed]
[12:30:57] [Server thread/INFO]: [@: Block placed]
[12:30:57] [Server thread/INFO]: [@: Block placed]
[12:30:57] [Server thread/INFO]: [@: Block placed]
[12:30:57] [Server thread/INFO]: [@: Block placed]
[12:30:57] [Server thread/INFO]: [@: Block placed]
[12:30:57] [Server thread/INFO]: [@: Block placed]
[12:30:57] [Server thread/INFO]: [@: Block placed]
[12:30:57] [Server thread/INFO]: [@: Block placed]
[12:30:57] [Server thread/INFO]: [@: Block placed]
[12:30:57] [Server thread/INFO]: [@: Block placed]
[12:30:57] [Server thread/INFO]: [@: Block placed]
[12:30:57] [Server thread/INFO]: [@: Block placed]
[12:30:57] [Server thread/INFO]: [@: Block placed]
[12:30:57] [Server thread/INFO]: [@: Block placed]
[12:30:57] [Server thread/INFO]: [@: Block placed]
[12:30:57] [Server thread/INFO]: [@: Block placed]
[12:30:57] [Server thread/INFO]: [@: Block placed]
[12:30:57] [Server thread/INFO]: [@: Block placed]
[12:30:57] [Server thread/INFO]: [@: Block placed]
[12:30:58] [Server thread/INFO]: [@: Block placed]
[12:30:58] [Server thread/INFO]: [@: Block placed]
[12:30:58] [Server thread/INFO]: [@: Block placed]
[12:30:58] [Server thread/INFO]: [@: Block placed]
[12:30:58] [Server thread/INFO]: [@: Block placed]
[12:30:58] [Server thread/INFO]: [@: Block placed]
[12:30:58] [Server thread/INFO]: [@: Block placed]
[12:30:58] [Server thread/INFO]: [@: Block placed]
[12:30:58] [Server thread/INFO]: [@: Block placed]
[12:30:58] [Server thread/INFO]: [@: Block placed]
[12:30:58] [Server thread/INFO]: [@: Block placed]
[12:30:58] [Server thread/INFO]: [@: Block placed]
[12:30:58] [Server thread/INFO]: [@: Block placed]
[12:30:58] [Server thread/INFO]: [@: Block placed]
[12:30:58] [Server thread/INFO]: [@: Block placed]
[12:30:58] [Server thread/INFO]: [@: Block placed]
[12:30:58] [Server thread/INFO]: [@: Block placed]
[12:30:58] [Server thread/INFO]: [@: Block placed]
[12:30:58] [Server thread/INFO]: [@: Block placed]
[12:30:58] [Server thread/INFO]: [@: Block placed]
[12:30:59] [Server thread/INFO]: [@: Block placed]
[12:30:59] [Server thread/INFO]: [@: Block placed]
[12:30:59] [Server thread/INFO]: [@: Block placed]
[12:30:59] [Server thread/INFO]: [@: Block placed]
[12:30:59] [Server thread/INFO]: [@: Block placed]
[12:30:59] [Server thread/INFO]: [@: Block placed]
[12:30:59] [Server thread/INFO]: [@: Block placed]
[12:30:59] [Server thread/INFO]: [@: Block placed]
[12:30:59] [Server thread/INFO]: [@: Block placed]
[12:30:59] [Server thread/INFO]: [@: Block placed]
[12:30:59] [Server thread/INFO]: [@: Block placed]
[12:30:59] [Server thread/INFO]: [@: Block placed]
[12:30:59] [Server thread/INFO]: [@: Block placed]
[12:30:59] [Server thread/INFO]: [@: Block placed]
[12:30:59] [Server thread/INFO]: [@: Block placed]
[12:30:59] [Server thread/INFO]: [@: Block placed]
[12:30:59] [Server thread/INFO]: [@: Block placed]
[12:30:59] [Server thread/INFO]: [@: Block placed]
[12:30:59] [Server thread/INFO]: [@: Block placed]
[12:30:59] [Server thread/INFO]: [@: Block placed]
[12:31:00] [Server thread/INFO]: [@: Block placed]
[12:31:00] [Server thread/INFO]: [@: Block placed]
[12:31:00] [Server thread/INFO]: [@: Block placed]
[12:31:00] [Server thread/INFO]: Saving and pausing game...
[12:31:00] [Server thread/INFO]: Saving chunks for level 'New World'/Overworld
[12:31:00] [Server thread/INFO]: Saving chunks for level 'New World'/Nether
[12:31:00] [Server thread/INFO]: Saving chunks for level 'New World'/The End
[12:31:06] [Server thread/INFO]: [@: Block placed]
[12:31:06] [Client thread/INFO]: [CHAT] Command set: /kill @e
[12:31:06] [Server thread/INFO]: [@: Block placed]
[12:31:07] [Server thread/INFO]: [@: Block placed]
[12:31:07] [Server thread/INFO]: [@: Block placed]
[12:31:07] [Server thread/INFO]: [@: Block placed]
[12:31:07] [Server thread/INFO]: [@: Block placed]
[12:31:07] [Server thread/INFO]: [@: Block placed]
[12:31:07] [Server thread/INFO]: [@: Block placed]
[12:31:07] [Server thread/INFO]: [@: Block placed]
[12:31:07] [Server thread/INFO]: [@: Block placed]
[12:31:07] [Server thread/INFO]: [@: Block placed]
[12:31:07] [Server thread/INFO]: [@: Block placed]
[12:31:07] [Server thread/INFO]: [@: Block placed]
[12:31:07] [Server thread/INFO]: [@: Block placed]
[12:31:07] [Server thread/INFO]: [@: Block placed]
[12:31:07] [Server thread/INFO]: [@: Block placed]
[12:31:07] [Server thread/INFO]: [@: Block placed]
[12:31:07] [Server thread/INFO]: [@: Block placed]
[12:31:07] [Server thread/INFO]: [@: Block placed]
[12:31:07] [Server thread/INFO]: [@: Block placed]
[12:31:07] [Server thread/INFO]: [@: Block placed]
[12:31:07] [Server thread/INFO]: [@: Block placed]
[12:31:08] [Server thread/INFO]: [@: Block placed]
[12:31:08] [Server thread/INFO]: [@: Block placed]
[12:31:08] [Server thread/INFO]: [@: Block placed]
[12:31:08] [Server thread/INFO]: [@: Block placed]
[12:31:08] [Server thread/INFO]: [@: Block placed]
[12:31:08] [Server thread/INFO]: [@: Block placed]
[12:31:08] [Server thread/INFO]: [@: Block placed]
[12:31:08] [Server thread/INFO]: [@: Block placed]
[12:31:08] [Server thread/INFO]: [@: Block placed]
[12:31:08] [Server thread/INFO]: [@: Block placed]
[12:31:08] [Server thread/INFO]: [@: Block placed]
[12:31:08] [Server thread/INFO]: [@: Block placed]
[12:31:08] [Server thread/INFO]: [@: Block placed]
[12:31:08] [Server thread/INFO]: [@: Block placed]
[12:31:08] [Server thread/INFO]: [@: Block placed]
[12:31:08] [Server thread/INFO]: [@: Block placed]
[12:31:08] [Server thread/INFO]: [@: Block placed]
[12:31:08] [Server thread/INFO]: Saving and pausing game...
[12:31:08] [Server thread/INFO]: Saving chunks for level 'New World'/Overworld
[12:31:08] [Server thread/INFO]: Saving chunks for level 'New World'/Nether
[12:31:08] [Server thread/INFO]: Saving chunks for level 'New World'/The End
[12:31:17] [Server thread/INFO]: [@: Block placed]
[12:31:17] [Client thread/INFO]: [CHAT] Command set: /kill @a
[12:31:17] [Server thread/INFO]: [@: Block placed]
[12:31:17] [Server thread/INFO]: [@: Block placed]
[12:31:17] [Server thread/INFO]: [@: Block placed]
[12:31:17] [Server thread/INFO]: [@: Block placed]
[12:31:18] [Server thread/INFO]: [@: Block placed]
[12:31:18] [Server thread/INFO]: [@: Block placed]
[12:31:18] [Server thread/INFO]: [@: Block placed]
[12:31:18] [Server thread/INFO]: [@: Block placed]
[12:31:18] [Server thread/INFO]: [@: Block placed]
[12:31:18] [Server thread/INFO]: [@: Block placed]
[12:31:18] [Server thread/INFO]: [@: Block placed]
[12:31:18] [Server thread/INFO]: [@: Block placed]
[12:31:18] [Server thread/INFO]: [@: Block placed]
[12:31:18] [Server thread/INFO]: [@: Block placed]
[12:31:18] [Server thread/INFO]: [@: Block placed]
[12:31:18] [Server thread/INFO]: [@: Block placed]
[12:31:18] [Server thread/INFO]: [@: Block placed]
[12:31:18] [Server thread/INFO]: [@: Block placed]
[12:31:18] [Server thread/INFO]: [@: Block placed]
[12:31:18] [Server thread/INFO]: [@: Block placed]
[12:31:18] [Server thread/INFO]: [@: Block placed]
[12:31:18] [Server thread/INFO]: [@: Block placed]
[12:31:18] [Server thread/INFO]: [@: Block placed]
[12:31:18] [Server thread/INFO]: [@: Block placed]
[12:31:19] [Server thread/INFO]: [@: Block placed]
[12:31:19] [Server thread/INFO]: [@: Block placed]
[12:31:19] [Server thread/INFO]: [@: Block placed]
[12:31:19] [Server thread/INFO]: [@: Block placed]
[12:31:19] [Server thread/INFO]: [@: Block placed]
[12:31:19] [Server thread/INFO]: [@: Block placed]
[12:31:19] [Server thread/INFO]: [@: Block placed]
[12:31:19] [Server thread/INFO]: [@: Block placed]
[12:31:19] [Server thread/INFO]: [@: Block placed]
[12:31:19] [Server thread/INFO]: [@: Block placed]
[12:31:19] [Server thread/INFO]: [@: Block placed]
[12:31:19] [Server thread/INFO]: [@: Block placed]
[12:31:19] [Server thread/INFO]: Saving and pausing game...
[12:31:19] [Server thread/INFO]: Saving chunks for level 'New World'/Overworld
[12:31:19] [Server thread/INFO]: Saving chunks for level 'New World'/Nether
[12:31:19] [Server thread/INFO]: Saving chunks for level 'New World'/The End
[12:31:34] [Server thread/INFO]: [@: Block placed]
[12:31:34] [Client thread/INFO]: [CHAT] Command set: /kill
[12:31:34] [Server thread/INFO]: [@: Block placed]
[12:31:34] [Server thread/INFO]: [@: Block placed]
[12:31:34] [Server thread/INFO]: [@: Block placed]
[12:31:34] [Server thread/INFO]: [@: Block placed]
[12:31:34] [Server thread/INFO]: [@: Block placed]
[12:31:34] [Server thread/INFO]: [@: Block placed]
[12:31:34] [Server thread/INFO]: [@: Block placed]
[12:31:34] [Server thread/INFO]: [@: Block placed]
[12:31:34] [Server thread/INFO]: [@: Block placed]
[12:31:34] [Server thread/INFO]: [@: Block placed]
[12:31:34] [Server thread/INFO]: [@: Block placed]
[12:31:34] [Server thread/INFO]: [@: Block placed]
[12:31:34] [Server thread/INFO]: [@: Block placed]
[12:31:34] [Server thread/INFO]: [@: Block placed]
[12:31:34] [Server thread/INFO]: [@: Block placed]
[12:31:34] [Server thread/INFO]: Saving and pausing game...
[12:31:34] [Server thread/INFO]: Saving chunks for level 'New World'/Overworld
[12:31:34] [Server thread/INFO]: Saving chunks for level 'New World'/Nether
[12:31:34] [Server thread/INFO]: Saving chunks for level 'New World'/The End
[12:31:52] [Server thread/INFO]: [@: Block placed]
[12:31:52] [Client thread/INFO]: [CHAT] Command set: /tp @a ~ ~-500 ~
[12:31:52] [Server thread/INFO]: [@: Block placed]
[12:31:52] [Server thread/INFO]: [@: Teleported Player264 to 661.2106895711319,-441.8883669730261,-78.80305598228657]
[12:31:52] [Server thread/INFO]: [@: Block placed]
[12:31:52] [Server thread/INFO]: [@: Teleported Player264 to 661.2106895711319,-941.8883669730261,-78.80305598228657]
[12:31:52] [Server thread/INFO]: [@: Block placed]
[12:31:52] [Server thread/INFO]: [@: Teleported Player264 to 661.2106895711319,-1441.8883669730262,-78.80305598228657]
[12:31:52] [Server thread/INFO]: [@: Block placed]
[12:31:52] [Server thread/INFO]: [@: Teleported Player264 to 661.2106895711319,-1941.8883669730262,-78.80305598228657]
[12:31:52] [Server thread/INFO]: [@: Block placed]
[12:31:52] [Server thread/INFO]: [@: Teleported Player264 to 661.2106895711319,-2441.888366973026,-78.80305598228657]
[12:31:52] [Server thread/INFO]: [@: Block placed]
[12:31:52] [Server thread/INFO]: [@: Teleported Player264 to 661.2106895711319,-2941.888366973026,-78.80305598228657]
[12:31:52] [Server thread/INFO]: [@: Block placed]
[12:31:52] [Server thread/INFO]: [@: Teleported Player264 to 661.2106895711319,-3441.888366973026,-78.80305598228657]
[12:31:52] [Server thread/INFO]: [@: Block placed]
[12:31:52] [Server thread/INFO]: [@: Teleported Player264 to 661.2106895711319,-3941.888366973026,-78.80305598228657]
[12:31:52] [Server thread/INFO]: [@: Block placed]
[12:31:52] [Server thread/INFO]: [@: Teleported Player264 to 661.2106895711319,-4441.888366973026,-78.80305598228657]
[12:31:52] [Server thread/INFO]: [@: Block placed]
[12:31:52] [Server thread/INFO]: [@: Teleported Player264 to 661.2106895711319,-4941.888366973026,-78.80305598228657]
[12:31:52] [Server thread/INFO]: [@: Block placed]
[12:31:52] [Server thread/INFO]: [@: Teleported Player264 to 661.2106895711319,-5441.888366973026,-78.80305598228657]
[12:31:52] [Server thread/INFO]: [@: Block placed]
[12:31:52] [Server thread/INFO]: [@: Teleported Player264 to 661.2106895711319,-5941.888366973026,-78.80305598228657]
[12:31:52] [Server thread/INFO]: [@: Block placed]
[12:31:52] [Server thread/INFO]: [@: Teleported Player264 to 661.2106895711319,-6441.888366973026,-78.80305598228657]
[12:31:52] [Server thread/INFO]: [@: Block placed]
[12:31:52] [Server thread/INFO]: [@: Teleported Player264 to 661.2106895711319,-6941.888366973026,-78.80305598228657]
[12:31:52] [Server thread/INFO]: [@: Block placed]
[12:31:52] [Server thread/INFO]: [@: Teleported Player264 to 661.2106895711319,-7441.888366973026,-78.80305598228657]
[12:31:52] [Server thread/INFO]: [@: Block placed]
[12:31:52] [Server thread/INFO]: [@: Teleported Player264 to 661.2106895711319,-7941.888366973026,-78.80305598228657]
[12:31:53] [Server thread/INFO]: [@: Block placed]
[12:31:53] [Server thread/INFO]: [@: Teleported Player264 to 661.2106895711319,-8441.888366973026,-78.80305598228657]
[12:31:53] [Server thread/INFO]: [@: Block placed]
[12:31:53] [Server thread/INFO]: [@: Teleported Player264 to 661.2106895711319,-8941.888366973026,-78.80305598228657]
[12:31:53] [Server thread/INFO]: [@: Block placed]
[12:31:53] [Server thread/INFO]: [@: Teleported Player264 to 661.2106895711319,-9441.888366973026,-78.80305598228657]
[12:31:53] [Server thread/INFO]: [@: Block placed]
[12:31:53] [Server thread/INFO]: [@: Teleported Player264 to 661.2106895711319,-9941.888366973026,-78.80305598228657]
[12:31:53] [Server thread/INFO]: [@: Block placed]
[12:31:53] [Server thread/INFO]: [@: Teleported Player264 to 661.2106895711319,-10441.888366973026,-78.80305598228657]
[12:31:53] [Server thread/INFO]: [@: Block placed]
[12:31:53] [Server thread/INFO]: [@: Teleported Player264 to 661.2106895711319,-10941.888366973026,-78.80305598228657]
[12:31:53] [Server thread/INFO]: [@: Block placed]
[12:31:53] [Server thread/INFO]: [@: Teleported Player264 to 661.2106895711319,-11441.888366973026,-78.80305598228657]
[12:31:53] [Server thread/INFO]: [@: Block placed]
[12:31:53] [Server thread/INFO]: [@: Teleported Player264 to 661.2106895711319,-11941.888366973026,-78.80305598228657]
[12:31:53] [Server thread/INFO]: [@: Block placed]
[12:31:53] [Server thread/INFO]: [@: Teleported Player264 to 661.2106895711319,-12441.888366973026,-78.80305598228657]
[12:31:53] [Server thread/INFO]: [@: Block placed]
[12:31:53] [Server thread/INFO]: [@: Teleported Player264 to 661.2106895711319,-12941.888366973026,-78.80305598228657]
[12:31:53] [Server thread/INFO]: [@: Block placed]
[12:31:53] [Server thread/INFO]: [@: Teleported Player264 to 661.2106895711319,-13441.888366973026,-78.80305598228657]
[12:31:53] [Server thread/INFO]: [@: Block placed]
[12:31:53] [Server thread/INFO]: [@: Teleported Player264 to 661.2106895711319,-13941.888366973026,-78.80305598228657]
[12:31:53] [Server thread/INFO]: [@: Block placed]
[12:31:53] [Server thread/INFO]: [@: Teleported Player264 to 661.2106895711319,-14441.888366973026,-78.80305598228657]
[12:31:53] [Server thread/INFO]: [@: Block placed]
[12:31:53] [Server thread/INFO]: [@: Teleported Player264 to 661.2106895711319,-14941.888366973026,-78.80305598228657]
[12:31:53] [Server thread/INFO]: [@: Block placed]
[12:31:53] [Server thread/INFO]: [@: Teleported Player264 to 661.2106895711319,-15441.888366973026,-78.80305598228657]
[12:31:53] [Server thread/INFO]: [@: Block placed]
[12:31:53] [Server thread/INFO]: [@: Teleported Player264 to 661.2106895711319,-15941.888366973026,-78.80305598228657]
[12:31:53] [Server thread/INFO]: [@: Block placed]
[12:31:53] [Server thread/INFO]: [@: Teleported Player264 to 661.2106895711319,-16441.888366973028,-78.80305598228657]
[12:31:53] [Server thread/INFO]: [@: Block placed]
[12:31:53] [Server thread/INFO]: [@: Teleported Player264 to 661.2106895711319,-16941.888366973028,-78.80305598228657]
[12:31:53] [Server thread/INFO]: [@: Block placed]
[12:31:53] [Server thread/INFO]: [@: Teleported Player264 to 661.2106895711319,-17441.888366973028,-78.80305598228657]
[12:31:53] [Server thread/INFO]: [@: Block placed]
[12:31:53] [Server thread/INFO]: [@: Teleported Player264 to 661.2106895711319,-17941.888366973028,-78.80305598228657]
[12:31:54] [Server thread/INFO]: [@: Block placed]
[12:31:54] [Server thread/INFO]: [@: Teleported Player264 to 661.2106895711319,-18441.888366973028,-78.80305598228657]
[12:31:54] [Server thread/INFO]: [@: Block placed]
[12:31:54] [Server thread/INFO]: [@: Teleported Player264 to 661.2106895711319,-18941.888366973028,-78.80305598228657]
[12:31:54] [Server thread/INFO]: [@: Block placed]
[12:31:54] [Server thread/INFO]: [@: Teleported Player264 to 661.2106895711319,-19441.888366973028,-78.80305598228657]
[12:31:54] [Server thread/INFO]: [@: Block placed]
[12:31:54] [Server thread/INFO]: [@: Teleported Player264 to 661.2106895711319,-19941.888366973028,-78.80305598228657]
[12:31:54] [Server thread/INFO]: [@: Block placed]
[12:31:54] [Server thread/INFO]: [@: Teleported Player264 to 661.2106895711319,-20441.888366973028,-78.80305598228657]
[12:31:54] [Server thread/INFO]: [@: Block placed]
[12:31:54] [Server thread/INFO]: [@: Teleported Player264 to 661.2106895711319,-20941.888366973028,-78.80305598228657]
[12:31:54] [Server thread/INFO]: [@: Block placed]
[12:31:54] [Server thread/INFO]: [@: Teleported Player264 to 661.2106895711319,-21441.888366973028,-78.80305598228657]
[12:31:54] [Server thread/INFO]: [@: Block placed]
[12:31:54] [Server thread/INFO]: [@: Teleported Player264 to 661.2106895711319,-21941.888366973028,-78.80305598228657]
[12:31:54] [Server thread/INFO]: [@: Block placed]
[12:31:54] [Server thread/INFO]: [@: Teleported Player264 to 661.2106895711319,-22441.888366973028,-78.80305598228657]
[12:31:54] [Server thread/INFO]: [@: Block placed]
[12:31:54] [Server thread/INFO]: [@: Teleported Player264 to 661.2106895711319,-22941.888366973028,-78.80305598228657]
[12:31:54] [Server thread/INFO]: [@: Block placed]
[12:31:54] [Server thread/INFO]: [@: Teleported Player264 to 661.2106895711319,-23441.888366973028,-78.80305598228657]
[12:31:54] [Server thread/INFO]: [@: Block placed]
[12:31:54] [Server thread/INFO]: [@: Teleported Player264 to 661.2106895711319,-23941.888366973028,-78.80305598228657]
[12:31:54] [Server thread/INFO]: [@: Block placed]
[12:31:54] [Server thread/INFO]: [@: Teleported Player264 to 661.2106895711319,-24441.888366973028,-78.80305598228657]
[12:31:54] [Server thread/INFO]: [@: Block placed]
[12:31:54] [Server thread/INFO]: [@: Teleported Player264 to 661.2106895711319,-24941.888366973028,-78.80305598228657]
[12:31:54] [Server thread/INFO]: [@: Block placed]
[12:31:54] [Server thread/INFO]: [@: Teleported Player264 to 661.2106895711319,-25441.888366973028,-78.80305598228657]
[12:31:54] [Server thread/INFO]: [@: Block placed]
[12:31:54] [Server thread/INFO]: [@: Teleported Player264 to 661.2106895711319,-25941.888366973028,-78.80305598228657]
[12:31:54] [Server thread/INFO]: [@: Block placed]
[12:31:54] [Server thread/INFO]: [@: Teleported Player264 to 661.2106895711319,-26441.888366973028,-78.80305598228657]
[12:31:54] [Server thread/INFO]: [@: Block placed]
[12:31:54] [Server thread/INFO]: [@: Teleported Player264 to 661.2106895711319,-26941.888366973028,-78.80305598228657]
[12:31:54] [Server thread/INFO]: [@: Block placed]
[12:31:54] [Server thread/INFO]: [@: Teleported Player264 to 661.2106895711319,-27441.888366973028,-78.80305598228657]
[12:31:54] [Server thread/INFO]: [@: Block placed]
[12:31:54] [Server thread/INFO]: [@: Teleported Player264 to 661.2106895711319,-27941.888366973028,-78.80305598228657]
[12:31:55] [Server thread/INFO]: [@: Block placed]
[12:31:55] [Server thread/INFO]: [@: Teleported Player264 to 661.2106895711319,-28441.888366973028,-78.80305598228657]
[12:31:55] [Server thread/INFO]: [@: Block placed]
[12:31:55] [Server thread/INFO]: [@: Teleported Player264 to 661.2106895711319,-28941.888366973028,-78.80305598228657]
[12:31:55] [Server thread/INFO]: [@: Block placed]
[12:31:55] [Server thread/INFO]: [@: Teleported Player264 to 661.2106895711319,-29441.888366973028,-78.80305598228657]
[12:31:55] [Server thread/INFO]: [@: Block placed]
[12:31:55] [Server thread/INFO]: [@: Teleported Player264 to 661.2106895711319,-29941.888366973028,-78.80305598228657]
[12:31:55] [Server thread/INFO]: [@: Block placed]
[12:31:55] [Server thread/INFO]: [@: Teleported Player264 to 661.2106895711319,-30441.888366973028,-78.80305598228657]
[12:31:55] [Server thread/INFO]: [@: Block placed]
[12:31:55] [Server thread/INFO]: [@: Teleported Player264 to 661.2106895711319,-30941.888366973028,-78.80305598228657]
[12:31:55] [Server thread/INFO]: [@: Block placed]
[12:31:55] [Server thread/INFO]: [@: Teleported Player264 to 661.2106895711319,-31441.888366973028,-78.80305598228657]
[12:31:55] [Server thread/INFO]: [@: Block placed]
[12:31:55] [Server thread/INFO]: [@: Teleported Player264 to 661.2106895711319,-31941.888366973028,-78.80305598228657]
[12:31:55] [Server thread/INFO]: [@: Block placed]
[12:31:55] [Server thread/INFO]: [@: Teleported Player264 to 661.2106895711319,-32441.888366973028,-78.80305598228657]
[12:31:55] [Server thread/INFO]: [@: Block placed]
[12:31:55] [Server thread/INFO]: [@: Teleported Player264 to 661.2106895711319,-32941.88836697303,-78.80305598228657]
[12:31:55] [Server thread/INFO]: [@: Block placed]
[12:31:55] [Server thread/INFO]: [@: Teleported Player264 to 661.2106895711319,-33441.88836697303,-78.80305598228657]
[12:31:55] [Server thread/INFO]: [@: Block placed]
[12:31:55] [Server thread/INFO]: [@: Teleported Player264 to 661.2106895711319,-33941.88836697303,-78.80305598228657]
[12:31:55] [Server thread/INFO]: [@: Block placed]
[12:31:55] [Server thread/INFO]: [@: Teleported Player264 to 661.2106895711319,-34441.88836697303,-78.80305598228657]
[12:31:55] [Server thread/INFO]: [@: Block placed]
[12:31:55] [Server thread/INFO]: [@: Teleported Player264 to 661.2106895711319,-34941.88836697303,-78.80305598228657]
[12:31:55] [Server thread/INFO]: [@: Block placed]
[12:31:55] [Server thread/INFO]: [@: Teleported Player264 to 661.2106895711319,-35441.88836697303,-78.80305598228657]
[12:31:55] [Server thread/INFO]: [@: Block placed]
[12:31:55] [Server thread/INFO]: [@: Teleported Player264 to 661.2106895711319,-35941.88836697303,-78.80305598228657]
[12:31:55] [Server thread/INFO]: [@: Block placed]
[12:31:55] [Server thread/INFO]: [@: Teleported Player264 to 661.2106895711319,-36441.88836697303,-78.80305598228657]
[12:31:55] [Server thread/INFO]: [@: Block placed]
[12:31:55] [Server thread/INFO]: [@: Teleported Player264 to 661.2106895711319,-36941.88836697303,-78.80305598228657]
[12:31:55] [Server thread/INFO]: [@: Block placed]
[12:31:55] [Server thread/INFO]: [@: Teleported Player264 to 661.2106895711319,-37441.88836697303,-78.80305598228657]
[12:31:55] [Server thread/INFO]: [@: Block placed]
[12:31:55] [Server thread/INFO]: [@: Teleported Player264 to 661.2106895711319,-37941.88836697303,-78.80305598228657]
[12:31:56] [Server thread/INFO]: [@: Block placed]
[12:31:56] [Server thread/INFO]: [@: Teleported Player264 to 661.2106895711319,-38441.88836697303,-78.80305598228657]
[12:31:56] [Server thread/INFO]: [@: Block placed]
[12:31:56] [Server thread/INFO]: [@: Teleported Player264 to 661.2106895711319,-38941.88836697303,-78.80305598228657]
[12:31:56] [Server thread/INFO]: [@: Block placed]
[12:31:56] [Server thread/INFO]: [@: Teleported Player264 to 661.2106895711319,-39441.88836697303,-78.80305598228657]
[12:31:56] [Server thread/INFO]: [@: Block placed]
[12:31:56] [Server thread/INFO]: [@: Teleported Player264 to 661.2106895711319,-39941.88836697303,-78.80305598228657]
[12:31:56] [Server thread/INFO]: [@: Block placed]
[12:31:56] [Server thread/INFO]: [@: Teleported Player264 to 661.2106895711319,-40441.88836697303,-78.80305598228657]
[12:31:56] [Server thread/INFO]: [@: Block placed]
[12:31:56] [Server thread/INFO]: [@: Teleported Player264 to 661.2106895711319,-40941.88836697303,-78.80305598228657]
[12:31:56] [Server thread/INFO]: [@: Block placed]
[12:31:56] [Server thread/INFO]: [@: Teleported Player264 to 661.2106895711319,-41441.88836697303,-78.80305598228657]
[12:31:56] [Server thread/INFO]: [@: Block placed]
[12:31:56] [Server thread/INFO]: [@: Teleported Player264 to 661.2106895711319,-41941.88836697303,-78.80305598228657]
[12:31:56] [Server thread/INFO]: [@: Block placed]
[12:31:56] [Server thread/INFO]: [@: Teleported Player264 to 661.2106895711319,-42441.88836697303,-78.80305598228657]
[12:31:56] [Server thread/INFO]: [@: Block placed]
[12:31:56] [Server thread/INFO]: [@: Teleported Player264 to 661.2106895711319,-42941.88836697303,-78.80305598228657]
[12:31:56] [Server thread/INFO]: [@: Block placed]
[12:31:56] [Server thread/INFO]: [@: Teleported Player264 to 661.2106895711319,-43441.88836697303,-78.80305598228657]
[12:31:56] [Server thread/INFO]: [@: Block placed]
[12:31:56] [Server thread/INFO]: [@: Teleported Player264 to 661.2106895711319,-43941.88836697303,-78.80305598228657]
[12:31:56] [Server thread/INFO]: [@: Block placed]
[12:31:56] [Server thread/INFO]: [@: Teleported Player264 to 661.2106895711319,-44441.88836697303,-78.80305598228657]
[12:31:56] [Server thread/INFO]: [@: Block placed]
[12:31:56] [Server thread/INFO]: [@: Teleported Player264 to 661.2106895711319,-44941.88836697303,-78.80305598228657]
[12:31:56] [Server thread/INFO]: [@: Block placed]
[12:31:56] [Server thread/INFO]: [@: Teleported Player264 to 661.2106895711319,-45441.88836697303,-78.80305598228657]
[12:31:56] [Server thread/INFO]: [@: Block placed]
[12:31:56] [Server thread/INFO]: [@: Teleported Player264 to 661.2106895711319,-45941.88836697303,-78.80305598228657]
[12:31:56] [Server thread/INFO]: [@: Block placed]
[12:31:56] [Server thread/INFO]: [@: Teleported Player264 to 661.2106895711319,-46441.88836697303,-78.80305598228657]
[12:31:56] [Server thread/INFO]: [@: Block placed]
[12:31:56] [Server thread/INFO]: [@: Teleported Player264 to 661.2106895711319,-46941.88836697303,-78.80305598228657]
[12:31:56] [Server thread/INFO]: [@: Block placed]
[12:31:56] [Server thread/INFO]: [@: Teleported Player264 to 661.2106895711319,-47441.88836697303,-78.80305598228657]
[12:31:56] [Server thread/INFO]: [@: Block placed]
[12:31:56] [Server thread/INFO]: [@: Teleported Player264 to 661.2106895711319,-47941.88836697303,-78.80305598228657]
[12:31:57] [Server thread/INFO]: [@: Block placed]
[12:31:57] [Server thread/INFO]: [@: Teleported Player264 to 661.2106895711319,-48441.88836697303,-78.80305598228657]
[12:31:57] [Server thread/INFO]: [@: Block placed]
[12:31:57] [Server thread/INFO]: [@: Teleported Player264 to 661.2106895711319,-48941.88836697303,-78.80305598228657]
[12:31:57] [Server thread/INFO]: [@: Block placed]
[12:31:57] [Server thread/INFO]: [@: Teleported Player264 to 661.2106895711319,-49441.88836697303,-78.80305598228657]
[12:31:57] [Server thread/INFO]: [@: Block placed]
[12:31:57] [Server thread/INFO]: [@: Teleported Player264 to 661.2106895711319,-49941.88836697303,-78.80305598228657]
[12:31:57] [Server thread/INFO]: [@: Block placed]
[12:31:57] [Server thread/INFO]: [@: Teleported Player264 to 661.2106895711319,-50441.88836697303,-78.80305598228657]
[12:31:57] [Server thread/INFO]: [@: Block placed]
[12:31:57] [Server thread/INFO]: [@: Teleported Player264 to 661.2106895711319,-50941.88836697303,-78.80305598228657]
[12:31:57] [Server thread/INFO]: [@: Block placed]
[12:31:57] [Server thread/INFO]: [@: Teleported Player264 to 661.2106895711319,-51441.88836697303,-78.80305598228657]
[12:31:57] [Server thread/INFO]: [@: Block placed]
[12:31:57] [Server thread/INFO]: [@: Teleported Player264 to 661.2106895711319,-51941.88836697303,-78.80305598228657]
[12:31:57] [Server thread/INFO]: [@: Block placed]
[12:31:57] [Server thread/INFO]: [@: Teleported Player264 to 661.2106895711319,-52441.88836697303,-78.80305598228657]
[12:31:57] [Server thread/INFO]: [@: Block placed]
[12:31:57] [Server thread/INFO]: [@: Teleported Player264 to 661.2106895711319,-52941.88836697303,-78.80305598228657]
[12:31:57] [Server thread/INFO]: [@: Block placed]
[12:31:57] [Server thread/INFO]: [@: Teleported Player264 to 661.2106895711319,-53441.88836697303,-78.80305598228657]
[12:31:57] [Server thread/INFO]: [@: Block placed]
[12:31:57] [Server thread/INFO]: [@: Teleported Player264 to 661.2106895711319,-53941.88836697303,-78.80305598228657]
[12:31:57] [Server thread/INFO]: [@: Block placed]
[12:31:57] [Server thread/INFO]: [@: Teleported Player264 to 661.2106895711319,-54441.88836697303,-78.80305598228657]
[12:31:57] [Server thread/INFO]: [@: Block placed]
[12:31:57] [Server thread/INFO]: [@: Teleported Player264 to 661.2106895711319,-54941.88836697303,-78.80305598228657]
[12:31:57] [Server thread/INFO]: [@: Block placed]
[12:31:57] [Server thread/INFO]: [@: Teleported Player264 to 661.2106895711319,-55441.88836697303,-78.80305598228657]
[12:31:57] [Server thread/INFO]: [@: Block placed]
[12:31:57] [Server thread/INFO]: [@: Teleported Player264 to 661.2106895711319,-55941.88836697303,-78.80305598228657]
[12:31:57] [Server thread/INFO]: [@: Block placed]
[12:31:57] [Server thread/INFO]: [@: Teleported Player264 to 661.2106895711319,-56441.88836697303,-78.80305598228657]
[12:31:57] [Server thread/INFO]: [@: Block placed]
[12:31:57] [Server thread/INFO]: [@: Teleported Player264 to 661.2106895711319,-56941.88836697303,-78.80305598228657]
[12:31:57] [Server thread/INFO]: [@: Block placed]
[12:31:57] [Server thread/INFO]: [@: Teleported Player264 to 661.2106895711319,-57441.88836697303,-78.80305598228657]
[12:31:57] [Server thread/INFO]: [@: Block placed]
[12:31:57] [Server thread/INFO]: [@: Teleported Player264 to 661.2106895711319,-57941.88836697303,-78.80305598228657]
[12:31:58] [Server thread/INFO]: [@: Block placed]
[12:31:58] [Server thread/INFO]: [@: Teleported Player264 to 661.2106895711319,-58441.88836697303,-78.80305598228657]
[12:31:58] [Server thread/INFO]: [@: Block placed]
[12:31:58] [Server thread/INFO]: [@: Teleported Player264 to 661.2106895711319,-58941.88836697303,-78.80305598228657]
[12:31:58] [Server thread/INFO]: [@: Block placed]
[12:31:58] [Server thread/INFO]: [@: Teleported Player264 to 661.2106895711319,-59441.88836697303,-78.80305598228657]
[12:31:58] [Server thread/INFO]: [@: Block placed]
[12:31:58] [Server thread/INFO]: [@: Teleported Player264 to 661.2106895711319,-59941.88836697303,-78.80305598228657]
[12:31:58] [Server thread/INFO]: [@: Block placed]
[12:31:58] [Server thread/INFO]: [@: Teleported Player264 to 661.2106895711319,-60441.88836697303,-78.80305598228657]
[12:31:58] [Server thread/INFO]: [@: Block placed]
[12:31:58] [Server thread/INFO]: [@: Teleported Player264 to 661.2106895711319,-60941.88836697303,-78.80305598228657]
[12:31:58] [Server thread/INFO]: [@: Block placed]
[12:31:58] [Server thread/INFO]: [@: Teleported Player264 to 661.2106895711319,-61441.88836697303,-78.80305598228657]
[12:31:58] [Server thread/INFO]: [@: Block placed]
[12:31:58] [Server thread/INFO]: [@: Teleported Player264 to 661.2106895711319,-61941.88836697303,-78.80305598228657]
[12:31:58] [Server thread/INFO]: [@: Block placed]
[12:31:58] [Server thread/INFO]: [@: Teleported Player264 to 661.2106895711319,-62441.88836697303,-78.80305598228657]
[12:31:58] [Server thread/INFO]: [@: Block placed]
[12:31:58] [Server thread/INFO]: [@: Teleported Player264 to 661.2106895711319,-62941.88836697303,-78.80305598228657]
[12:31:58] [Server thread/INFO]: [@: Block placed]
[12:31:58] [Server thread/INFO]: [@: Teleported Player264 to 661.2106895711319,-63441.88836697303,-78.80305598228657]
[12:31:58] [Server thread/INFO]: [@: Block placed]
[12:31:58] [Server thread/INFO]: [@: Teleported Player264 to 661.2106895711319,-63941.88836697303,-78.80305598228657]
[12:31:58] [Server thread/INFO]: [@: Block placed]
[12:31:58] [Server thread/INFO]: [@: Teleported Player264 to 661.2106895711319,-64441.88836697303,-78.80305598228657]
[12:31:58] [Server thread/INFO]: [@: Block placed]
[12:31:58] [Server thread/INFO]: [@: Teleported Player264 to 661.2106895711319,-64941.88836697303,-78.80305598228657]
[12:31:58] [Server thread/INFO]: [@: Block placed]
[12:31:58] [Server thread/INFO]: [@: Teleported Player264 to 661.2106895711319,-65441.88836697303,-78.80305598228657]
[12:31:58] [Server thread/INFO]: [@: Block placed]
[12:31:58] [Server thread/INFO]: [@: Teleported Player264 to 661.2106895711319,-65941.88836697303,-78.80305598228657]
[12:31:58] [Server thread/INFO]: [@: Block placed]
[12:31:58] [Server thread/INFO]: [@: Teleported Player264 to 661.2106895711319,-66441.88836697303,-78.80305598228657]
[12:31:58] [Server thread/INFO]: [@: Block placed]
[12:31:58] [Server thread/INFO]: [@: Teleported Player264 to 661.2106895711319,-66941.88836697303,-78.80305598228657]
[12:31:58] [Server thread/INFO]: [@: Block placed]
[12:31:58] [Server thread/INFO]: [@: Teleported Player264 to 661.2106895711319,-67441.88836697303,-78.80305598228657]
[12:31:58] [Server thread/INFO]: [@: Block placed]
[12:31:58] [Server thread/INFO]: [@: Teleported Player264 to 661.2106895711319,-67941.88836697303,-78.80305598228657]
[12:31:59] [Server thread/INFO]: [@: Block placed]
[12:31:59] [Server thread/INFO]: [@: Teleported Player264 to 661.2106895711319,-68441.88836697303,-78.80305598228657]
[12:31:59] [Server thread/INFO]: [@: Block placed]
[12:31:59] [Server thread/INFO]: [@: Teleported Player264 to 661.2106895711319,-68941.88836697303,-78.80305598228657]
[12:31:59] [Server thread/INFO]: [@: Block placed]
[12:31:59] [Server thread/INFO]: [@: Teleported Player264 to 661.2106895711319,-69441.88836697303,-78.80305598228657]
[12:31:59] [Server thread/INFO]: [@: Block placed]
[12:31:59] [Server thread/INFO]: [@: Teleported Player264 to 661.2106895711319,-69941.88836697303,-78.80305598228657]
[12:31:59] [Server thread/INFO]: [@: Block placed]
[12:31:59] [Server thread/INFO]: [@: Teleported Player264 to 661.2106895711319,-70441.88836697303,-78.80305598228657]
[12:31:59] [Server thread/INFO]: [@: Block placed]
[12:31:59] [Server thread/INFO]: [@: Teleported Player264 to 661.2106895711319,-70941.88836697303,-78.80305598228657]
[12:31:59] [Server thread/INFO]: [@: Block placed]
[12:31:59] [Server thread/INFO]: [@: Teleported Player264 to 661.2106895711319,-71441.88836697303,-78.80305598228657]
[12:31:59] [Server thread/INFO]: [@: Block placed]
[12:31:59] [Server thread/INFO]: [@: Teleported Player264 to 661.2106895711319,-71941.88836697303,-78.80305598228657]
[12:31:59] [Server thread/INFO]: [@: Block placed]
[12:31:59] [Server thread/INFO]: [@: Teleported Player264 to 661.2106895711319,-72441.88836697303,-78.80305598228657]
[12:31:59] [Server thread/INFO]: [@: Block placed]
[12:31:59] [Server thread/INFO]: [@: Teleported Player264 to 661.2106895711319,-72941.88836697303,-78.80305598228657]
[12:31:59] [Server thread/INFO]: [@: Block placed]
[12:31:59] [Server thread/INFO]: [@: Teleported Player264 to 661.2106895711319,-73441.88836697303,-78.80305598228657]
[12:31:59] [Server thread/INFO]: [@: Block placed]
[12:31:59] [Server thread/INFO]: [@: Teleported Player264 to 661.2106895711319,-73941.88836697303,-78.80305598228657]
[12:31:59] [Server thread/INFO]: [@: Block placed]
[12:31:59] [Server thread/INFO]: [@: Teleported Player264 to 661.2106895711319,-74441.88836697303,-78.80305598228657]
[12:31:59] [Server thread/INFO]: [@: Block placed]
[12:31:59] [Server thread/INFO]: [@: Teleported Player264 to 661.2106895711319,-74941.88836697303,-78.80305598228657]
[12:31:59] [Server thread/INFO]: [@: Block placed]
[12:31:59] [Server thread/INFO]: [@: Teleported Player264 to 661.2106895711319,-75441.88836697303,-78.80305598228657]
[12:31:59] [Server thread/INFO]: [@: Block placed]
[12:31:59] [Server thread/INFO]: [@: Teleported Player264 to 661.2106895711319,-75941.88836697303,-78.80305598228657]
[12:31:59] [Server thread/INFO]: [@: Block placed]
[12:31:59] [Server thread/INFO]: [@: Teleported Player264 to 661.2106895711319,-76441.88836697303,-78.80305598228657]
[12:31:59] [Server thread/INFO]: [@: Block placed]
[12:31:59] [Server thread/INFO]: [@: Teleported Player264 to 661.2106895711319,-76941.88836697303,-78.80305598228657]
[12:31:59] [Server thread/INFO]: [@: Block placed]
[12:31:59] [Server thread/INFO]: [@: Teleported Player264 to 661.2106895711319,-77441.88836697303,-78.80305598228657]
[12:31:59] [Server thread/INFO]: [@: Block placed]
[12:31:59] [Server thread/INFO]: [@: Teleported Player264 to 661.2106895711319,-77941.88836697303,-78.80305598228657]
[12:32:00] [Server thread/INFO]: [@: Block placed]
[12:32:00] [Server thread/INFO]: [@: Teleported Player264 to 661.2106895711319,-78441.88836697303,-78.80305598228657]
[12:32:00] [Server thread/INFO]: [@: Block placed]
[12:32:00] [Server thread/INFO]: [@: Teleported Player264 to 661.2106895711319,-78941.88836697303,-78.80305598228657]
[12:32:00] [Server thread/INFO]: [@: Block placed]
[12:32:00] [Server thread/INFO]: [@: Teleported Player264 to 661.2106895711319,-79441.88836697303,-78.80305598228657]
[12:32:00] [Server thread/INFO]: [@: Block placed]
[12:32:00] [Server thread/INFO]: [@: Teleported Player264 to 661.2106895711319,-79941.88836697303,-78.80305598228657]
[12:32:00] [Server thread/INFO]: [@: Block placed]
[12:32:00] [Server thread/INFO]: [@: Teleported Player264 to 661.2106895711319,-80441.88836697303,-78.80305598228657]
[12:32:00] [Server thread/INFO]: [@: Block placed]
[12:32:00] [Server thread/INFO]: [@: Teleported Player264 to 661.2106895711319,-80941.88836697303,-78.80305598228657]
[12:32:00] [Server thread/INFO]: [@: Block placed]
[12:32:00] [Server thread/INFO]: [@: Teleported Player264 to 661.2106895711319,-81441.88836697303,-78.80305598228657]
[12:32:00] [Server thread/INFO]: [@: Block placed]
[12:32:00] [Server thread/INFO]: [@: Teleported Player264 to 661.2106895711319,-81941.88836697303,-78.80305598228657]
[12:32:00] [Server thread/INFO]: [@: Block placed]
[12:32:00] [Server thread/INFO]: [@: Teleported Player264 to 661.2106895711319,-82441.88836697303,-78.80305598228657]
[12:32:00] [Server thread/INFO]: [@: Block placed]
[12:32:00] [Server thread/INFO]: [@: Teleported Player264 to 661.2106895711319,-82941.88836697303,-78.80305598228657]
[12:32:00] [Server thread/INFO]: [@: Block placed]
[12:32:00] [Server thread/INFO]: [@: Teleported Player264 to 661.2106895711319,-83441.88836697303,-78.80305598228657]
[12:32:00] [Server thread/INFO]: [@: Block placed]
[12:32:00] [Server thread/INFO]: [@: Teleported Player264 to 661.2106895711319,-83941.88836697303,-78.80305598228657]
[12:32:00] [Server thread/INFO]: [@: Block placed]
[12:32:00] [Server thread/INFO]: [@: Teleported Player264 to 661.2106895711319,-84441.88836697303,-78.80305598228657]
[12:32:00] [Server thread/INFO]: [@: Block placed]
[12:32:00] [Server thread/INFO]: [@: Teleported Player264 to 661.2106895711319,-84941.88836697303,-78.80305598228657]
[12:32:00] [Server thread/INFO]: [@: Block placed]
[12:32:00] [Server thread/INFO]: [@: Teleported Player264 to 661.2106895711319,-85441.88836697303,-78.80305598228657]
[12:32:00] [Server thread/INFO]: [@: Block placed]
[12:32:00] [Server thread/INFO]: [@: Teleported Player264 to 661.2106895711319,-85941.88836697303,-78.80305598228657]
[12:32:00] [Server thread/INFO]: [@: Block placed]
[12:32:00] [Server thread/INFO]: [@: Teleported Player264 to 661.2106895711319,-86441.88836697303,-78.80305598228657]
[12:32:00] [Server thread/INFO]: [@: Block placed]
[12:32:00] [Server thread/INFO]: [@: Teleported Player264 to 661.2106895711319,-86941.88836697303,-78.80305598228657]
[12:32:00] [Server thread/INFO]: [@: Block placed]
[12:32:00] [Server thread/INFO]: [@: Teleported Player264 to 661.2106895711319,-87441.88836697303,-78.80305598228657]
[12:32:00] [Server thread/INFO]: [@: Block placed]
[12:32:00] [Server thread/INFO]: [@: Teleported Player264 to 661.2106895711319,-87941.88836697303,-78.80305598228657]
[12:32:01] [Server thread/INFO]: [@: Block placed]
[12:32:01] [Server thread/INFO]: [@: Teleported Player264 to 661.2106895711319,-88441.88836697303,-78.80305598228657]
[12:32:01] [Server thread/INFO]: [@: Block placed]
[12:32:01] [Server thread/INFO]: [@: Teleported Player264 to 661.2106895711319,-88941.88836697303,-78.80305598228657]
[12:32:01] [Server thread/INFO]: [@: Block placed]
[12:32:01] [Server thread/INFO]: [@: Teleported Player264 to 661.2106895711319,-89441.88836697303,-78.80305598228657]
[12:32:01] [Server thread/INFO]: [@: Block placed]
[12:32:01] [Server thread/INFO]: [@: Teleported Player264 to 661.2106895711319,-89941.88836697303,-78.80305598228657]
[12:32:01] [Server thread/INFO]: [@: Block placed]
[12:32:01] [Server thread/INFO]: [@: Teleported Player264 to 661.2106895711319,-90441.88836697303,-78.80305598228657]
[12:32:01] [Server thread/INFO]: [@: Block placed]
[12:32:01] [Server thread/INFO]: [@: Teleported Player264 to 661.2106895711319,-90941.88836697303,-78.80305598228657]
[12:32:01] [Server thread/INFO]: [@: Block placed]
[12:32:01] [Server thread/INFO]: [@: Teleported Player264 to 661.2106895711319,-91441.88836697303,-78.80305598228657]
[12:32:01] [Server thread/INFO]: [@: Block placed]
[12:32:01] [Server thread/INFO]: [@: Teleported Player264 to 661.2106895711319,-91941.88836697303,-78.80305598228657]
[12:32:01] [Server thread/INFO]: Player264 fell out of the world
[12:32:01] [Client thread/INFO]: [CHAT] Player264 fell out of the world
[12:32:01] [Client thread/INFO]: [CHAT] Ouch! That looked like it hurt
[12:32:01] [Server thread/INFO]: [@: Block placed]
[12:32:01] [Server thread/INFO]: [@: Teleported Player264 to 661.2106895711319,-92441.88836697303,-78.80305598228657]
[12:32:01] [Server thread/INFO]: [@: Block placed]
[12:32:01] [Server thread/INFO]: [@: Teleported Player264 to 661.2106895711319,-92941.88836697303,-78.80305598228657]
[12:32:01] [Server thread/INFO]: [@: Block placed]
[12:32:01] [Server thread/INFO]: [@: Teleported Player264 to 661.2106895711319,-93441.88836697303,-78.80305598228657]
[12:32:01] [Server thread/INFO]: [@: Block placed]
[12:32:01] [Server thread/INFO]: [@: Teleported Player264 to 661.2106895711319,-93941.88836697303,-78.80305598228657]
[12:32:01] [Server thread/INFO]: [@: Block placed]
[12:32:01] [Server thread/INFO]: [@: Teleported Player264 to 661.2106895711319,-94441.88836697303,-78.80305598228657]
[12:32:01] [Server thread/INFO]: [@: Block placed]
[12:32:01] [Server thread/INFO]: [@: Teleported Player264 to 661.2106895711319,-94941.88836697303,-78.80305598228657]
[12:32:01] [Server thread/INFO]: [@: Block placed]
[12:32:01] [Server thread/INFO]: [@: Teleported Player264 to 661.2106895711319,-95441.88836697303,-78.80305598228657]
[12:32:01] [Server thread/INFO]: [@: Block placed]
[12:32:01] [Server thread/INFO]: [@: Teleported Player264 to 661.2106895711319,-95941.88836697303,-78.80305598228657]
[12:32:01] [Server thread/INFO]: [@: Block placed]
[12:32:01] [Server thread/INFO]: [@: Teleported Player264 to 661.2106895711319,-96441.88836697303,-78.80305598228657]
[12:32:01] [Server thread/INFO]: [@: Block placed]
[12:32:01] [Server thread/INFO]: [@: Teleported Player264 to 661.2106895711319,-96941.88836697303,-78.80305598228657]
[12:32:01] [Server thread/INFO]: [@: Block placed]
[12:32:01] [Server thread/INFO]: [@: Teleported Player264 to 661.2106895711319,-97441.88836697303,-78.80305598228657]
[12:32:01] [Server thread/INFO]: [@: Block placed]
[12:32:01] [Server thread/INFO]: [@: Teleported Player264 to 661.2106895711319,-97941.88836697303,-78.80305598228657]
[12:32:02] [Server thread/INFO]: [@: Block placed]
[12:32:02] [Server thread/INFO]: [@: Teleported Player264 to 661.2106895711319,-98441.88836697303,-78.80305598228657]
[12:32:02] [Server thread/INFO]: [@: Block placed]
[12:32:02] [Server thread/INFO]: [@: Teleported Player264 to 661.2106895711319,-98941.88836697303,-78.80305598228657]
[12:32:02] [Server thread/INFO]: [@: Block placed]
[12:32:02] [Server thread/INFO]: [@: Teleported Player264 to 661.2106895711319,-99441.88836697303,-78.80305598228657]
[12:32:02] [Server thread/INFO]: [@: Block placed]
[12:32:02] [Server thread/INFO]: [@: Teleported Player264 to 661.2106895711319,-99941.88836697303,-78.80305598228657]
[12:32:02] [Server thread/INFO]: [@: Block placed]
[12:32:02] [Server thread/INFO]: [@: Teleported Player264 to 661.2106895711319,-100441.88836697303,-78.80305598228657]
[12:32:02] [Server thread/INFO]: [@: Block placed]
[12:32:02] [Server thread/INFO]: [@: Teleported Player264 to 661.2106895711319,-100941.88836697303,-78.80305598228657]
[12:32:02] [Server thread/INFO]: [@: Block placed]
[12:32:02] [Server thread/INFO]: [@: Teleported Player264 to 661.2106895711319,-101441.88836697303,-78.80305598228657]
[12:32:02] [Server thread/INFO]: [@: Block placed]
[12:32:02] [Server thread/INFO]: [@: Teleported Player264 to 661.2106895711319,-101941.88836697303,-78.80305598228657]
[12:32:02] [Server thread/INFO]: [@: Block placed]
[12:32:02] [Server thread/INFO]: [@: Teleported Player264 to 661.2106895711319,-102441.88836697303,-78.80305598228657]
[12:32:02] [Server thread/INFO]: [@: Block placed]
[12:32:02] [Server thread/INFO]: [@: Teleported Player264 to 661.2106895711319,-102941.88836697303,-78.80305598228657]
[12:32:02] [Server thread/INFO]: [@: Block placed]
[12:32:02] [Server thread/INFO]: [@: Teleported Player264 to 661.2106895711319,-103441.88836697303,-78.80305598228657]
[12:32:02] [Server thread/INFO]: [@: Block placed]
[12:32:02] [Server thread/INFO]: [@: Teleported Player264 to 661.2106895711319,-103941.88836697303,-78.80305598228657]
[12:32:02] [Server thread/INFO]: [@: Block placed]
[12:32:02] [Server thread/INFO]: [@: Teleported Player264 to 661.2106895711319,-104441.88836697303,-78.80305598228657]
[12:32:02] [Server thread/INFO]: [@: Block placed]
[12:32:02] [Server thread/INFO]: [@: Teleported Player264 to 661.2106895711319,-104941.88836697303,-78.80305598228657]
[12:32:02] [Server thread/INFO]: [@: Block placed]
[12:32:02] [Server thread/INFO]: [@: Teleported Player264 to 661.2106895711319,-105441.88836697303,-78.80305598228657]
[12:32:02] [Server thread/INFO]: [@: Block placed]
[12:32:02] [Server thread/INFO]: [@: Teleported Player264 to 645.5,-444.0,-71.5]
[12:32:02] [Server thread/INFO]: [@: Block placed]
[12:32:02] [Server thread/INFO]: [@: Teleported Player264 to 645.5,-944.0,-71.5]
[12:32:02] [Server thread/INFO]: [@: Block placed]
[12:32:02] [Server thread/INFO]: [@: Teleported Player264 to 645.5,-1444.0,-71.5]
[12:32:02] [Server thread/INFO]: [@: Block placed]
[12:32:02] [Server thread/INFO]: [@: Teleported Player264 to 645.5,-1944.0,-71.5]
[12:32:02] [Server thread/INFO]: [@: Block placed]
[12:32:02] [Server thread/INFO]: [@: Teleported Player264 to 645.5,-2444.0,-71.5]
[12:32:03] [Server thread/INFO]: [@: Block placed]
[12:32:03] [Server thread/INFO]: [@: Teleported Player264 to 645.5,-2944.0,-71.5]
[12:32:03] [Server thread/INFO]: [@: Block placed]
[12:32:03] [Server thread/INFO]: [@: Teleported Player264 to 645.5,-3444.0,-71.5]
[12:32:03] [Server thread/INFO]: [@: Block placed]
[12:32:03] [Server thread/INFO]: [@: Teleported Player264 to 645.5,-3944.0,-71.5]
[12:32:03] [Server thread/INFO]: [@: Block placed]
[12:32:03] [Server thread/INFO]: [@: Teleported Player264 to 645.5,-4444.0,-71.5]
[12:32:03] [Server thread/INFO]: [@: Block placed]
[12:32:03] [Server thread/INFO]: [@: Teleported Player264 to 645.5,-4944.0,-71.5]
[12:32:03] [Server thread/INFO]: [@: Block placed]
[12:32:03] [Server thread/INFO]: [@: Teleported Player264 to 645.5,-5444.0,-71.5]
[12:32:03] [Server thread/INFO]: [@: Block placed]
[12:32:03] [Server thread/INFO]: [@: Teleported Player264 to 645.5,-5944.0,-71.5]
[12:32:03] [Server thread/INFO]: [@: Block placed]
[12:32:03] [Server thread/INFO]: [@: Teleported Player264 to 645.5,-6444.0,-71.5]
[12:32:03] [Server thread/INFO]: [@: Block placed]
[12:32:03] [Server thread/INFO]: [@: Teleported Player264 to 645.5,-6944.0,-71.5]
[12:32:03] [Server thread/INFO]: [@: Block placed]
[12:32:03] [Server thread/INFO]: [@: Teleported Player264 to 645.5,-7444.0,-71.5]
[12:32:03] [Server thread/INFO]: [@: Block placed]
[12:32:03] [Server thread/INFO]: [@: Teleported Player264 to 645.5,-7944.0,-71.5]
[12:32:03] [Server thread/INFO]: [@: Block placed]
[12:32:03] [Server thread/INFO]: [@: Teleported Player264 to 645.5,-8444.0,-71.5]
[12:32:03] [Server thread/INFO]: [@: Block placed]
[12:32:03] [Server thread/INFO]: [@: Teleported Player264 to 645.5,-8944.0,-71.5]
[12:32:03] [Server thread/INFO]: [@: Block placed]
[12:32:03] [Server thread/INFO]: [@: Teleported Player264 to 645.5,-9444.0,-71.5]
[12:32:03] [Server thread/INFO]: [@: Block placed]
[12:32:03] [Server thread/INFO]: [@: Teleported Player264 to 645.5,-9944.0,-71.5]
[12:32:03] [Server thread/INFO]: [@: Block placed]
[12:32:03] [Server thread/INFO]: [@: Teleported Player264 to 645.5,-10444.0,-71.5]
[12:32:03] [Server thread/INFO]: [@: Block placed]
[12:32:03] [Server thread/INFO]: [@: Teleported Player264 to 645.5,-10944.0,-71.5]
[12:32:03] [Server thread/INFO]: [@: Block placed]
[12:32:03] [Server thread/INFO]: [@: Teleported Player264 to 645.5,-11444.0,-71.5]
[12:32:03] [Server thread/INFO]: [@: Block placed]
[12:32:03] [Server thread/INFO]: [@: Teleported Player264 to 645.5,-11944.0,-71.5]
[12:32:03] [Server thread/INFO]: [@: Block placed]
[12:32:03] [Server thread/INFO]: [@: Teleported Player264 to 645.5,-12444.0,-71.5]
[12:32:04] [Server thread/INFO]: [@: Block placed]
[12:32:04] [Server thread/INFO]: [@: Teleported Player264 to 645.5,-12944.0,-71.5]
[12:32:04] [Server thread/INFO]: [@: Block placed]
[12:32:04] [Server thread/INFO]: [@: Teleported Player264 to 645.5,-13444.0,-71.5]
[12:32:04] [Server thread/INFO]: [@: Block placed]
[12:32:04] [Server thread/INFO]: [@: Teleported Player264 to 645.5,-13944.0,-71.5]
[12:32:04] [Server thread/INFO]: [@: Block placed]
[12:32:04] [Server thread/INFO]: [@: Teleported Player264 to 645.5,-14444.0,-71.5]
[12:32:04] [Server thread/INFO]: [@: Block placed]
[12:32:04] [Server thread/INFO]: [@: Teleported Player264 to 645.5,-14944.0,-71.5]
[12:32:04] [Server thread/INFO]: [@: Block placed]
[12:32:04] [Server thread/INFO]: [@: Teleported Player264 to 645.5,-15444.0,-71.5]
[12:32:04] [Server thread/INFO]: [@: Block placed]
[12:32:04] [Server thread/INFO]: [@: Teleported Player264 to 645.5,-15944.0,-71.5]
[12:32:04] [Server thread/INFO]: [@: Block placed]
[12:32:04] [Server thread/INFO]: [@: Teleported Player264 to 645.5,-16444.0,-71.5]
[12:32:04] [Server thread/INFO]: [@: Block placed]
[12:32:04] [Server thread/INFO]: [@: Teleported Player264 to 645.5,-16944.0,-71.5]
[12:32:04] [Server thread/INFO]: [@: Block placed]
[12:32:04] [Server thread/INFO]: [@: Teleported Player264 to 645.5,-17444.0,-71.5]
[12:32:04] [Server thread/INFO]: [@: Block placed]
[12:32:04] [Server thread/INFO]: [@: Teleported Player264 to 645.5,-17944.0,-71.5]
[12:32:04] [Server thread/INFO]: [@: Block placed]
[12:32:04] [Server thread/INFO]: [@: Teleported Player264 to 645.5,-18444.0,-71.5]
[12:32:04] [Server thread/INFO]: [@: Block placed]
[12:32:04] [Server thread/INFO]: [@: Teleported Player264 to 645.5,-18944.0,-71.5]
[12:32:04] [Server thread/INFO]: [@: Block placed]
[12:32:04] [Server thread/INFO]: [@: Teleported Player264 to 645.5,-19444.0,-71.5]
[12:32:04] [Server thread/INFO]: [@: Block placed]
[12:32:04] [Server thread/INFO]: [@: Teleported Player264 to 645.5,-19944.0,-71.5]
[12:32:04] [Server thread/INFO]: [@: Block placed]
[12:32:04] [Server thread/INFO]: [@: Teleported Player264 to 645.5,-20444.0,-71.5]
[12:32:04] [Server thread/INFO]: [@: Block placed]
[12:32:04] [Server thread/INFO]: [@: Teleported Player264 to 645.5,-20944.0,-71.5]
[12:32:04] [Server thread/INFO]: [@: Block placed]
[12:32:04] [Server thread/INFO]: [@: Teleported Player264 to 645.5,-21444.0,-71.5]
[12:32:04] [Server thread/INFO]: [@: Block placed]
[12:32:04] [Server thread/INFO]: [@: Teleported Player264 to 645.5,-21944.0,-71.5]
[12:32:04] [Server thread/INFO]: [@: Block placed]
[12:32:04] [Server thread/INFO]: [@: Teleported Player264 to 645.5,-22444.0,-71.5]
[12:32:05] [Server thread/INFO]: [@: Block placed]
[12:32:05] [Server thread/INFO]: [@: Teleported Player264 to 645.5,-22944.0,-71.5]
[12:32:05] [Server thread/INFO]: [@: Block placed]
[12:32:05] [Server thread/INFO]: [@: Teleported Player264 to 645.5,-23444.0,-71.5]
[12:32:05] [Server thread/INFO]: [@: Block placed]
[12:32:05] [Server thread/INFO]: [@: Teleported Player264 to 645.5,-23944.0,-71.5]
[12:32:05] [Server thread/INFO]: [@: Block placed]
[12:32:05] [Server thread/INFO]: [@: Teleported Player264 to 645.5,-24444.0,-71.5]
[12:32:05] [Server thread/INFO]: [@: Block placed]
[12:32:05] [Server thread/INFO]: [@: Teleported Player264 to 645.5,-24944.0,-71.5]
[12:32:05] [Server thread/INFO]: [@: Block placed]
[12:32:05] [Server thread/INFO]: [@: Teleported Player264 to 645.5,-25444.0,-71.5]
[12:32:05] [Server thread/INFO]: [@: Block placed]
[12:32:05] [Server thread/INFO]: [@: Teleported Player264 to 645.5,-25944.0,-71.5]
[12:32:05] [Server thread/INFO]: [@: Block placed]
[12:32:05] [Server thread/INFO]: [@: Teleported Player264 to 645.5,-26444.0,-71.5]
[12:32:05] [Server thread/INFO]: [@: Block placed]
[12:32:05] [Server thread/INFO]: [@: Teleported Player264 to 645.5,-26944.0,-71.5]
[12:32:05] [Server thread/INFO]: [@: Block placed]
[12:32:05] [Server thread/INFO]: [@: Teleported Player264 to 645.5,-27444.0,-71.5]
[12:32:05] [Server thread/INFO]: Player264 fell out of the world
[12:32:05] [Client thread/INFO]: [CHAT] Player264 fell out of the world
[12:32:05] [Client thread/INFO]: [CHAT] Ouch! That looked like it hurt
[12:32:05] [Server thread/INFO]: [@: Block placed]
[12:32:05] [Server thread/INFO]: [@: Teleported Player264 to 645.5,-27944.0,-71.5]
[12:32:05] [Server thread/INFO]: [@: Block placed]
[12:32:05] [Server thread/INFO]: [@: Teleported Player264 to 645.5,-28444.0,-71.5]
[12:32:05] [Server thread/INFO]: [@: Block placed]
[12:32:05] [Server thread/INFO]: [@: Teleported Player264 to 645.5,-28944.0,-71.5]
[12:32:05] [Server thread/INFO]: [@: Block placed]
[12:32:05] [Server thread/INFO]: [@: Teleported Player264 to 645.5,-29444.0,-71.5]
[12:32:05] [Server thread/INFO]: [@: Block placed]
[12:32:05] [Server thread/INFO]: [@: Teleported Player264 to 645.5,-29944.0,-71.5]
[12:32:05] [Server thread/INFO]: [@: Block placed]
[12:32:05] [Server thread/INFO]: [@: Teleported Player264 to 645.5,-30444.0,-71.5]
[12:32:05] [Server thread/INFO]: [@: Block placed]
[12:32:05] [Server thread/INFO]: [@: Teleported Player264 to 645.5,-30944.0,-71.5]
[12:32:05] [Server thread/INFO]: [@: Block placed]
[12:32:05] [Server thread/INFO]: [@: Teleported Player264 to 645.5,-31444.0,-71.5]
[12:32:05] [Server thread/INFO]: [@: Block placed]
[12:32:05] [Server thread/INFO]: [@: Teleported Player264 to 645.5,-31944.0,-71.5]
[12:32:05] [Server thread/INFO]: [@: Block placed]
[12:32:05] [Server thread/INFO]: [@: Teleported Player264 to 645.5,-32444.0,-71.5]
[12:32:06] [Server thread/INFO]: [@: Block placed]
[12:32:06] [Server thread/INFO]: [@: Teleported Player264 to 645.5,-32944.0,-71.5]
[12:32:06] [Server thread/INFO]: [@: Block placed]
[12:32:06] [Server thread/INFO]: [@: Teleported Player264 to 645.5,-33444.0,-71.5]
[12:32:06] [Server thread/INFO]: [@: Block placed]
[12:32:06] [Server thread/INFO]: [@: Teleported Player264 to 645.5,-33944.0,-71.5]
[12:32:06] [Server thread/INFO]: [@: Block placed]
[12:32:06] [Server thread/INFO]: [@: Teleported Player264 to 645.5,-34444.0,-71.5]
[12:32:06] [Server thread/INFO]: [@: Block placed]
[12:32:06] [Server thread/INFO]: [@: Teleported Player264 to 645.5,-34944.0,-71.5]
[12:32:06] [Server thread/INFO]: [@: Block placed]
[12:32:06] [Server thread/INFO]: [@: Teleported Player264 to 645.5,-35444.0,-71.5]
[12:32:06] [Server thread/INFO]: [@: Block placed]
[12:32:06] [Server thread/INFO]: [@: Teleported Player264 to 645.5,-35944.0,-71.5]
[12:32:06] [Server thread/INFO]: [@: Block placed]
[12:32:06] [Server thread/INFO]: [@: Teleported Player264 to 645.5,-36444.0,-71.5]
[12:32:06] [Server thread/INFO]: [@: Block placed]
[12:32:06] [Server thread/INFO]: [@: Teleported Player264 to 645.5,-36944.0,-71.5]
[12:32:06] [Server thread/INFO]: [@: Block placed]
[12:32:06] [Server thread/INFO]: [@: Teleported Player264 to 645.5,-37444.0,-71.5]
[12:32:06] [Server thread/INFO]: [@: Block placed]
[12:32:06] [Server thread/INFO]: [@: Teleported Player264 to 645.5,-37944.0,-71.5]
[12:32:06] [Server thread/INFO]: [@: Block placed]
[12:32:06] [Server thread/INFO]: [@: Teleported Player264 to 645.5,-38444.0,-71.5]
[12:32:06] [Server thread/INFO]: [@: Block placed]
[12:32:06] [Server thread/INFO]: [@: Teleported Player264 to 645.5,-38944.0,-71.5]
[12:32:06] [Server thread/INFO]: [@: Block placed]
[12:32:06] [Server thread/INFO]: [@: Teleported Player264 to 645.5,-39444.0,-71.5]
[12:32:06] [Server thread/INFO]: [@: Block placed]
[12:32:06] [Server thread/INFO]: [@: Teleported Player264 to 645.5,-39944.0,-71.5]
[12:32:06] [Server thread/INFO]: [@: Block placed]
[12:32:06] [Server thread/INFO]: [@: Teleported Player264 to 645.5,-40444.0,-71.5]
[12:32:06] [Server thread/INFO]: [@: Block placed]
[12:32:06] [Server thread/INFO]: [@: Teleported Player264 to 645.5,-40944.0,-71.5]
[12:32:06] [Server thread/INFO]: [@: Block placed]
[12:32:06] [Server thread/INFO]: [@: Teleported Player264 to 645.5,-41444.0,-71.5]
[12:32:06] [Server thread/INFO]: [@: Block placed]
[12:32:06] [Server thread/INFO]: [@: Teleported Player264 to 645.5,-41944.0,-71.5]
[12:32:06] [Server thread/INFO]: [@: Block placed]
[12:32:06] [Server thread/INFO]: [@: Teleported Player264 to 642.5,-444.0,-85.5]
[12:32:07] [Server thread/INFO]: [@: Block placed]
[12:32:07] [Server thread/INFO]: [@: Teleported Player264 to 642.5,-944.0,-85.5]
[12:32:07] [Server thread/INFO]: [@: Block placed]
[12:32:07] [Server thread/INFO]: [@: Teleported Player264 to 642.5,-1444.0,-85.5]
[12:32:07] [Server thread/INFO]: [@: Block placed]
[12:32:07] [Server thread/INFO]: [@: Teleported Player264 to 642.5,-1944.0,-85.5]
[12:32:07] [Server thread/INFO]: [@: Block placed]
[12:32:07] [Server thread/INFO]: [@: Teleported Player264 to 642.5,-2444.0,-85.5]
[12:32:07] [Server thread/INFO]: [@: Block placed]
[12:32:07] [Server thread/INFO]: [@: Teleported Player264 to 642.5,-2944.0,-85.5]
[12:32:07] [Server thread/INFO]: [@: Block placed]
[12:32:07] [Server thread/INFO]: [@: Teleported Player264 to 642.5,-3444.0,-85.5]
[12:32:07] [Server thread/INFO]: [@: Block placed]
[12:32:07] [Server thread/INFO]: [@: Teleported Player264 to 642.5,-3944.0,-85.5]
[12:32:07] [Server thread/INFO]: [@: Block placed]
[12:32:07] [Server thread/INFO]: [@: Teleported Player264 to 642.5,-4444.0,-85.5]
[12:32:07] [Server thread/INFO]: [@: Block placed]
[12:32:07] [Server thread/INFO]: [@: Teleported Player264 to 642.5,-4944.0,-85.5]
[12:32:07] [Server thread/INFO]: [@: Block placed]
[12:32:07] [Server thread/INFO]: [@: Teleported Player264 to 642.5,-5444.0,-85.5]
[12:32:07] [Server thread/INFO]: [@: Block placed]
[12:32:07] [Server thread/INFO]: [@: Teleported Player264 to 642.5,-5944.0,-85.5]
[12:32:07] [Server thread/INFO]: [@: Block placed]
[12:32:07] [Server thread/INFO]: [@: Teleported Player264 to 642.5,-6444.0,-85.5]
[12:32:07] [Server thread/INFO]: [@: Block placed]
[12:32:07] [Server thread/INFO]: [@: Teleported Player264 to 642.5,-6944.0,-85.5]
[12:32:07] [Server thread/INFO]: [@: Block placed]
[12:32:07] [Server thread/INFO]: [@: Teleported Player264 to 642.5,-7444.0,-85.5]
[12:32:07] [Server thread/INFO]: [@: Block placed]
[12:32:07] [Server thread/INFO]: [@: Teleported Player264 to 642.5,-7944.0,-85.5]
[12:32:07] [Server thread/INFO]: [@: Block placed]
[12:32:07] [Server thread/INFO]: [@: Teleported Player264 to 642.5,-8444.0,-85.5]
[12:32:07] [Client thread/INFO]: Stopping!
[12:32:07] [Server thread/INFO]: Stopping server
[12:32:07] [Server thread/INFO]: Saving players
[12:32:07] [Server thread/INFO]: Saving worlds
[12:32:07] [Server thread/INFO]: Saving chunks for level 'New World'/Overworld
[12:32:07] [Server thread/INFO]: Saving chunks for level 'New World'/Nether
[12:32:07] [Server thread/INFO]: Saving chunks for level 'New World'/The End
